S.5....T.    /usr/lib/systemd/system/ntpd.service
....L....  c /etc/pam.d/fingerprint-auth
....L....  c /etc/pam.d/password-auth
....L....  c /etc/pam.d/postlogin
....L....  c /etc/pam.d/smartcard-auth
....L....  c /etc/pam.d/system-auth
S.5....T.  c /etc/security/limits.conf
S.5....T.    /usr/bin/pip
S.5....T.    /usr/bin/pip2
S.5....T.    /usr/bin/pip2.7
missing     /usr/lib/python2.7/site-packages/pip-8.1.2-py2.7.egg-info
missing     /usr/lib/python2.7/site-packages/pip-8.1.2-py2.7.egg-info/PKG-INFO
missing     /usr/lib/python2.7/site-packages/pip-8.1.2-py2.7.egg-info/SOURCES.txt
missing     /usr/lib/python2.7/site-packages/pip-8.1.2-py2.7.egg-info/dependency_links.txt
missing     /usr/lib/python2.7/site-packages/pip-8.1.2-py2.7.egg-info/entry_points.txt
missing     /usr/lib/python2.7/site-packages/pip-8.1.2-py2.7.egg-info/not-zip-safe
missing     /usr/lib/python2.7/site-packages/pip-8.1.2-py2.7.egg-info/requires.txt
missing     /usr/lib/python2.7/site-packages/pip-8.1.2-py2.7.egg-info/top_level.txt
S.5....T.    /usr/lib/python2.7/site-packages/pip/__init__.py
S.5....T.    /usr/lib/python2.7/site-packages/pip/__init__.pyc
missing     /usr/lib/python2.7/site-packages/pip/__init__.pyo
.......T.    /usr/lib/python2.7/site-packages/pip/__main__.py
S.5....T.    /usr/lib/python2.7/site-packages/pip/__main__.pyc
missing     /usr/lib/python2.7/site-packages/pip/__main__.pyo
S.5....T.    /usr/lib/python2.7/site-packages/pip/_vendor/__init__.py
S.5....T.    /usr/lib/python2.7/site-packages/pip/_vendor/__init__.pyc
missing     /usr/lib/python2.7/site-packages/pip/_vendor/__init__.pyo
..5....T.    /usr/lib/python2.7/site-packages/pip/_vendor/cachecontrol/__init__.py
S.5....T.    /usr/lib/python2.7/site-packages/pip/_vendor/cachecontrol/__init__.pyc
missing     /usr/lib/python2.7/site-packages/pip/_vendor/cachecontrol/__init__.pyo
.......T.    /usr/lib/python2.7/site-packages/pip/_vendor/cachecontrol/_cmd.py
S.5....T.    /usr/lib/python2.7/site-packages/pip/_vendor/cachecontrol/_cmd.pyc
missing     /usr/lib/python2.7/site-packages/pip/_vendor/cachecontrol/_cmd.pyo
S.5....T.    /usr/lib/python2.7/site-packages/pip/_vendor/cachecontrol/adapter.py
S.5....T.    /usr/lib/python2.7/site-packages/pip/_vendor/cachecontrol/adapter.pyc
missing     /usr/lib/python2.7/site-packages/pip/_vendor/cachecontrol/adapter.pyo
.......T.    /usr/lib/python2.7/site-packages/pip/_vendor/cachecontrol/cache.py
S.5....T.    /usr/lib/python2.7/site-packages/pip/_vendor/cachecontrol/cache.pyc
missing     /usr/lib/python2.7/site-packages/pip/_vendor/cachecontrol/cache.pyo
.......T.    /usr/lib/python2.7/site-packages/pip/_vendor/cachecontrol/caches/__init__.py
S.5....T.    /usr/lib/python2.7/site-packages/pip/_vendor/cachecontrol/caches/__init__.pyc
missing     /usr/lib/python2.7/site-packages/pip/_vendor/cachecontrol/caches/__init__.pyo
.......T.    /usr/lib/python2.7/site-packages/pip/_vendor/cachecontrol/caches/file_cache.py
S.5....T.    /usr/lib/python2.7/site-packages/pip/_vendor/cachecontrol/caches/file_cache.pyc
missing     /usr/lib/python2.7/site-packages/pip/_vendor/cachecontrol/caches/file_cache.pyo
.......T.    /usr/lib/python2.7/site-packages/pip/_vendor/cachecontrol/caches/redis_cache.py
S.5....T.    /usr/lib/python2.7/site-packages/pip/_vendor/cachecontrol/caches/redis_cache.pyc
missing     /usr/lib/python2.7/site-packages/pip/_vendor/cachecontrol/caches/redis_cache.pyo
.......T.    /usr/lib/python2.7/site-packages/pip/_vendor/cachecontrol/compat.py
S.5....T.    /usr/lib/python2.7/site-packages/pip/_vendor/cachecontrol/compat.pyc
missing     /usr/lib/python2.7/site-packages/pip/_vendor/cachecontrol/compat.pyo
S.5....T.    /usr/lib/python2.7/site-packages/pip/_vendor/cachecontrol/controller.py
S.5....T.    /usr/lib/python2.7/site-packages/pip/_vendor/cachecontrol/controller.pyc
missing     /usr/lib/python2.7/site-packages/pip/_vendor/cachecontrol/controller.pyo
S.5....T.    /usr/lib/python2.7/site-packages/pip/_vendor/cachecontrol/filewrapper.py
S.5....T.    /usr/lib/python2.7/site-packages/pip/_vendor/cachecontrol/filewrapper.pyc
missing     /usr/lib/python2.7/site-packages/pip/_vendor/cachecontrol/filewrapper.pyo
.......T.    /usr/lib/python2.7/site-packages/pip/_vendor/cachecontrol/heuristics.py
S.5....T.    /usr/lib/python2.7/site-packages/pip/_vendor/cachecontrol/heuristics.pyc
missing     /usr/lib/python2.7/site-packages/pip/_vendor/cachecontrol/heuristics.pyo
S.5....T.    /usr/lib/python2.7/site-packages/pip/_vendor/cachecontrol/serialize.py
S.5....T.    /usr/lib/python2.7/site-packages/pip/_vendor/cachecontrol/serialize.pyc
missing     /usr/lib/python2.7/site-packages/pip/_vendor/cachecontrol/serialize.pyo
.......T.    /usr/lib/python2.7/site-packages/pip/_vendor/cachecontrol/wrapper.py
S.5....T.    /usr/lib/python2.7/site-packages/pip/_vendor/cachecontrol/wrapper.pyc
missing     /usr/lib/python2.7/site-packages/pip/_vendor/cachecontrol/wrapper.pyo
.......T.    /usr/lib/python2.7/site-packages/pip/_vendor/colorama/__init__.py
S.5....T.    /usr/lib/python2.7/site-packages/pip/_vendor/colorama/__init__.pyc
missing     /usr/lib/python2.7/site-packages/pip/_vendor/colorama/__init__.pyo
.......T.    /usr/lib/python2.7/site-packages/pip/_vendor/colorama/ansi.py
S.5....T.    /usr/lib/python2.7/site-packages/pip/_vendor/colorama/ansi.pyc
missing     /usr/lib/python2.7/site-packages/pip/_vendor/colorama/ansi.pyo
.......T.    /usr/lib/python2.7/site-packages/pip/_vendor/colorama/ansitowin32.py
S.5....T.    /usr/lib/python2.7/site-packages/pip/_vendor/colorama/ansitowin32.pyc
missing     /usr/lib/python2.7/site-packages/pip/_vendor/colorama/ansitowin32.pyo
.......T.    /usr/lib/python2.7/site-packages/pip/_vendor/colorama/initialise.py
S.5....T.    /usr/lib/python2.7/site-packages/pip/_vendor/colorama/initialise.pyc
missing     /usr/lib/python2.7/site-packages/pip/_vendor/colorama/initialise.pyo
.......T.    /usr/lib/python2.7/site-packages/pip/_vendor/colorama/win32.py
S.5....T.    /usr/lib/python2.7/site-packages/pip/_vendor/colorama/win32.pyc
missing     /usr/lib/python2.7/site-packages/pip/_vendor/colorama/win32.pyo
.......T.    /usr/lib/python2.7/site-packages/pip/_vendor/colorama/winterm.py
S.5....T.    /usr/lib/python2.7/site-packages/pip/_vendor/colorama/winterm.pyc
missing     /usr/lib/python2.7/site-packages/pip/_vendor/colorama/winterm.pyo
..5....T.    /usr/lib/python2.7/site-packages/pip/_vendor/distlib/__init__.py
S.5....T.    /usr/lib/python2.7/site-packages/pip/_vendor/distlib/__init__.pyc
missing     /usr/lib/python2.7/site-packages/pip/_vendor/distlib/__init__.pyo
.......T.    /usr/lib/python2.7/site-packages/pip/_vendor/distlib/_backport/__init__.py
S.5....T.    /usr/lib/python2.7/site-packages/pip/_vendor/distlib/_backport/__init__.pyc
missing     /usr/lib/python2.7/site-packages/pip/_vendor/distlib/_backport/__init__.pyo
.......T.    /usr/lib/python2.7/site-packages/pip/_vendor/distlib/_backport/misc.py
S.5....T.    /usr/lib/python2.7/site-packages/pip/_vendor/distlib/_backport/misc.pyc
missing     /usr/lib/python2.7/site-packages/pip/_vendor/distlib/_backport/misc.pyo
S.5....T.    /usr/lib/python2.7/site-packages/pip/_vendor/distlib/_backport/shutil.py
S.5....T.    /usr/lib/python2.7/site-packages/pip/_vendor/distlib/_backport/shutil.pyc
missing     /usr/lib/python2.7/site-packages/pip/_vendor/distlib/_backport/shutil.pyo
.......T.    /usr/lib/python2.7/site-packages/pip/_vendor/distlib/_backport/sysconfig.cfg
S.5....T.    /usr/lib/python2.7/site-packages/pip/_vendor/distlib/_backport/sysconfig.py
S.5....T.    /usr/lib/python2.7/site-packages/pip/_vendor/distlib/_backport/sysconfig.pyc
missing     /usr/lib/python2.7/site-packages/pip/_vendor/distlib/_backport/sysconfig.pyo
S.5....T.    /usr/lib/python2.7/site-packages/pip/_vendor/distlib/_backport/tarfile.py
S.5....T.    /usr/lib/python2.7/site-packages/pip/_vendor/distlib/_backport/tarfile.pyc
missing     /usr/lib/python2.7/site-packages/pip/_vendor/distlib/_backport/tarfile.pyo
S.5....T.    /usr/lib/python2.7/site-packages/pip/_vendor/distlib/compat.py
S.5....T.    /usr/lib/python2.7/site-packages/pip/_vendor/distlib/compat.pyc
missing     /usr/lib/python2.7/site-packages/pip/_vendor/distlib/compat.pyo
S.5....T.    /usr/lib/python2.7/site-packages/pip/_vendor/distlib/database.py
S.5....T.    /usr/lib/python2.7/site-packages/pip/_vendor/distlib/database.pyc
missing     /usr/lib/python2.7/site-packages/pip/_vendor/distlib/database.pyo
S.5....T.    /usr/lib/python2.7/site-packages/pip/_vendor/distlib/index.py
S.5....T.    /usr/lib/python2.7/site-packages/pip/_vendor/distlib/index.pyc
missing     /usr/lib/python2.7/site-packages/pip/_vendor/distlib/index.pyo
S.5....T.    /usr/lib/python2.7/site-packages/pip/_vendor/distlib/locators.py
S.5....T.    /usr/lib/python2.7/site-packages/pip/_vendor/distlib/locators.pyc
missing     /usr/lib/python2.7/site-packages/pip/_vendor/distlib/locators.pyo
S.5....T.    /usr/lib/python2.7/site-packages/pip/_vendor/distlib/manifest.py
S.5....T.    /usr/lib/python2.7/site-packages/pip/_vendor/distlib/manifest.pyc
missing     /usr/lib/python2.7/site-packages/pip/_vendor/distlib/manifest.pyo
.......T.    /usr/lib/python2.7/site-packages/pip/_vendor/distlib/markers.py
S.5....T.    /usr/lib/python2.7/site-packages/pip/_vendor/distlib/markers.pyc
missing     /usr/lib/python2.7/site-packages/pip/_vendor/distlib/markers.pyo
S.5....T.    /usr/lib/python2.7/site-packages/pip/_vendor/distlib/metadata.py
S.5....T.    /usr/lib/python2.7/site-packages/pip/_vendor/distlib/metadata.pyc
missing     /usr/lib/python2.7/site-packages/pip/_vendor/distlib/metadata.pyo
S.5....T.    /usr/lib/python2.7/site-packages/pip/_vendor/distlib/resources.py
S.5....T.    /usr/lib/python2.7/site-packages/pip/_vendor/distlib/resources.pyc
missing     /usr/lib/python2.7/site-packages/pip/_vendor/distlib/resources.pyo
S.5....T.    /usr/lib/python2.7/site-packages/pip/_vendor/distlib/scripts.py
S.5....T.    /usr/lib/python2.7/site-packages/pip/_vendor/distlib/scripts.pyc
missing     /usr/lib/python2.7/site-packages/pip/_vendor/distlib/scripts.pyo
..5....T.    /usr/lib/python2.7/site-packages/pip/_vendor/distlib/t32.exe
..5....T.    /usr/lib/python2.7/site-packages/pip/_vendor/distlib/t64.exe
S.5....T.    /usr/lib/python2.7/site-packages/pip/_vendor/distlib/util.py
S.5....T.    /usr/lib/python2.7/site-packages/pip/_vendor/distlib/util.pyc
missing     /usr/lib/python2.7/site-packages/pip/_vendor/distlib/util.pyo
..5....T.    /usr/lib/python2.7/site-packages/pip/_vendor/distlib/version.py
S.5....T.    /usr/lib/python2.7/site-packages/pip/_vendor/distlib/version.pyc
missing     /usr/lib/python2.7/site-packages/pip/_vendor/distlib/version.pyo
..5....T.    /usr/lib/python2.7/site-packages/pip/_vendor/distlib/w32.exe
..5....T.    /usr/lib/python2.7/site-packages/pip/_vendor/distlib/w64.exe
.......T.    /usr/lib/python2.7/site-packages/pip/_vendor/distlib/wheel.py
S.5....T.    /usr/lib/python2.7/site-packages/pip/_vendor/distlib/wheel.pyc
missing     /usr/lib/python2.7/site-packages/pip/_vendor/distlib/wheel.pyo
S.5....T.    /usr/lib/python2.7/site-packages/pip/_vendor/html5lib/__init__.py
S.5....T.    /usr/lib/python2.7/site-packages/pip/_vendor/html5lib/__init__.pyc
missing     /usr/lib/python2.7/site-packages/pip/_vendor/html5lib/__init__.pyo
S.5....T.    /usr/lib/python2.7/site-packages/pip/_vendor/html5lib/constants.py
S.5....T.    /usr/lib/python2.7/site-packages/pip/_vendor/html5lib/constants.pyc
missing     /usr/lib/python2.7/site-packages/pip/_vendor/html5lib/constants.pyo
.......T.    /usr/lib/python2.7/site-packages/pip/_vendor/html5lib/filters/__init__.py
S.5....T.    /usr/lib/python2.7/site-packages/pip/_vendor/html5lib/filters/__init__.pyc
missing     /usr/lib/python2.7/site-packages/pip/_vendor/html5lib/filters/__init__.pyo
missing     /usr/lib/python2.7/site-packages/pip/_vendor/html5lib/filters/_base.py
missing     /usr/lib/python2.7/site-packages/pip/_vendor/html5lib/filters/_base.pyc
missing     /usr/lib/python2.7/site-packages/pip/_vendor/html5lib/filters/_base.pyo
S.5....T.    /usr/lib/python2.7/site-packages/pip/_vendor/html5lib/filters/alphabeticalattributes.py
S.5....T.    /usr/lib/python2.7/site-packages/pip/_vendor/html5lib/filters/alphabeticalattributes.pyc
missing     /usr/lib/python2.7/site-packages/pip/_vendor/html5lib/filters/alphabeticalattributes.pyo
S.5....T.    /usr/lib/python2.7/site-packages/pip/_vendor/html5lib/filters/inject_meta_charset.py
S.5....T.    /usr/lib/python2.7/site-packages/pip/_vendor/html5lib/filters/inject_meta_charset.pyc
missing     /usr/lib/python2.7/site-packages/pip/_vendor/html5lib/filters/inject_meta_charset.pyo
S.5....T.    /usr/lib/python2.7/site-packages/pip/_vendor/html5lib/filters/lint.py
S.5....T.    /usr/lib/python2.7/site-packages/pip/_vendor/html5lib/filters/lint.pyc
missing     /usr/lib/python2.7/site-packages/pip/_vendor/html5lib/filters/lint.pyo
S.5....T.    /usr/lib/python2.7/site-packages/pip/_vendor/html5lib/filters/optionaltags.py
S.5....T.    /usr/lib/python2.7/site-packages/pip/_vendor/html5lib/filters/optionaltags.pyc
missing     /usr/lib/python2.7/site-packages/pip/_vendor/html5lib/filters/optionaltags.pyo
S.5....T.    /usr/lib/python2.7/site-packages/pip/_vendor/html5lib/filters/sanitizer.py
S.5....T.    /usr/lib/python2.7/site-packages/pip/_vendor/html5lib/filters/sanitizer.pyc
missing     /usr/lib/python2.7/site-packages/pip/_vendor/html5lib/filters/sanitizer.pyo
S.5....T.    /usr/lib/python2.7/site-packages/pip/_vendor/html5lib/filters/whitespace.py
S.5....T.    /usr/lib/python2.7/site-packages/pip/_vendor/html5lib/filters/whitespace.pyc
missing     /usr/lib/python2.7/site-packages/pip/_vendor/html5lib/filters/whitespace.pyo
S.5....T.    /usr/lib/python2.7/site-packages/pip/_vendor/html5lib/html5parser.py
S.5....T.    /usr/lib/python2.7/site-packages/pip/_vendor/html5lib/html5parser.pyc
missing     /usr/lib/python2.7/site-packages/pip/_vendor/html5lib/html5parser.pyo
missing     /usr/lib/python2.7/site-packages/pip/_vendor/html5lib/ihatexml.py
missing     /usr/lib/python2.7/site-packages/pip/_vendor/html5lib/ihatexml.pyc
missing     /usr/lib/python2.7/site-packages/pip/_vendor/html5lib/ihatexml.pyo
missing     /usr/lib/python2.7/site-packages/pip/_vendor/html5lib/inputstream.py
missing     /usr/lib/python2.7/site-packages/pip/_vendor/html5lib/inputstream.pyc
missing     /usr/lib/python2.7/site-packages/pip/_vendor/html5lib/inputstream.pyo
missing     /usr/lib/python2.7/site-packages/pip/_vendor/html5lib/sanitizer.py
missing     /usr/lib/python2.7/site-packages/pip/_vendor/html5lib/sanitizer.pyc
missing     /usr/lib/python2.7/site-packages/pip/_vendor/html5lib/sanitizer.pyo
missing     /usr/lib/python2.7/site-packages/pip/_vendor/html5lib/serializer
missing     /usr/lib/python2.7/site-packages/pip/_vendor/html5lib/serializer/__init__.py
missing     /usr/lib/python2.7/site-packages/pip/_vendor/html5lib/serializer/__init__.pyc
missing     /usr/lib/python2.7/site-packages/pip/_vendor/html5lib/serializer/__init__.pyo
missing     /usr/lib/python2.7/site-packages/pip/_vendor/html5lib/serializer/htmlserializer.py
missing     /usr/lib/python2.7/site-packages/pip/_vendor/html5lib/serializer/htmlserializer.pyc
missing     /usr/lib/python2.7/site-packages/pip/_vendor/html5lib/serializer/htmlserializer.pyo
missing     /usr/lib/python2.7/site-packages/pip/_vendor/html5lib/tokenizer.py
missing     /usr/lib/python2.7/site-packages/pip/_vendor/html5lib/tokenizer.pyc
missing     /usr/lib/python2.7/site-packages/pip/_vendor/html5lib/tokenizer.pyo
S.5....T.    /usr/lib/python2.7/site-packages/pip/_vendor/html5lib/treeadapters/__init__.py
S.5....T.    /usr/lib/python2.7/site-packages/pip/_vendor/html5lib/treeadapters/__init__.pyc
missing     /usr/lib/python2.7/site-packages/pip/_vendor/html5lib/treeadapters/__init__.pyo
.......T.    /usr/lib/python2.7/site-packages/pip/_vendor/html5lib/treeadapters/sax.py
S.5....T.    /usr/lib/python2.7/site-packages/pip/_vendor/html5lib/treeadapters/sax.pyc
missing     /usr/lib/python2.7/site-packages/pip/_vendor/html5lib/treeadapters/sax.pyo
S.5....T.    /usr/lib/python2.7/site-packages/pip/_vendor/html5lib/treebuilders/__init__.py
S.5....T.    /usr/lib/python2.7/site-packages/pip/_vendor/html5lib/treebuilders/__init__.pyc
missing     /usr/lib/python2.7/site-packages/pip/_vendor/html5lib/treebuilders/__init__.pyo
missing     /usr/lib/python2.7/site-packages/pip/_vendor/html5lib/treebuilders/_base.py
missing     /usr/lib/python2.7/site-packages/pip/_vendor/html5lib/treebuilders/_base.pyc
missing     /usr/lib/python2.7/site-packages/pip/_vendor/html5lib/treebuilders/_base.pyo
S.5....T.    /usr/lib/python2.7/site-packages/pip/_vendor/html5lib/treebuilders/dom.py
S.5....T.    /usr/lib/python2.7/site-packages/pip/_vendor/html5lib/treebuilders/dom.pyc
missing     /usr/lib/python2.7/site-packages/pip/_vendor/html5lib/treebuilders/dom.pyo
S.5....T.    /usr/lib/python2.7/site-packages/pip/_vendor/html5lib/treebuilders/etree.py
S.5....T.    /usr/lib/python2.7/site-packages/pip/_vendor/html5lib/treebuilders/etree.pyc
missing     /usr/lib/python2.7/site-packages/pip/_vendor/html5lib/treebuilders/etree.pyo
S.5....T.    /usr/lib/python2.7/site-packages/pip/_vendor/html5lib/treebuilders/etree_lxml.py
S.5....T.    /usr/lib/python2.7/site-packages/pip/_vendor/html5lib/treebuilders/etree_lxml.pyc
missing     /usr/lib/python2.7/site-packages/pip/_vendor/html5lib/treebuilders/etree_lxml.pyo
S.5....T.    /usr/lib/python2.7/site-packages/pip/_vendor/html5lib/treewalkers/__init__.py
S.5....T.    /usr/lib/python2.7/site-packages/pip/_vendor/html5lib/treewalkers/__init__.pyc
missing     /usr/lib/python2.7/site-packages/pip/_vendor/html5lib/treewalkers/__init__.pyo
missing     /usr/lib/python2.7/site-packages/pip/_vendor/html5lib/treewalkers/_base.py
missing     /usr/lib/python2.7/site-packages/pip/_vendor/html5lib/treewalkers/_base.pyc
missing     /usr/lib/python2.7/site-packages/pip/_vendor/html5lib/treewalkers/_base.pyo
S.5....T.    /usr/lib/python2.7/site-packages/pip/_vendor/html5lib/treewalkers/dom.py
S.5....T.    /usr/lib/python2.7/site-packages/pip/_vendor/html5lib/treewalkers/dom.pyc
missing     /usr/lib/python2.7/site-packages/pip/_vendor/html5lib/treewalkers/dom.pyo
S.5....T.    /usr/lib/python2.7/site-packages/pip/_vendor/html5lib/treewalkers/etree.py
S.5....T.    /usr/lib/python2.7/site-packages/pip/_vendor/html5lib/treewalkers/etree.pyc
missing     /usr/lib/python2.7/site-packages/pip/_vendor/html5lib/treewalkers/etree.pyo
missing     /usr/lib/python2.7/site-packages/pip/_vendor/html5lib/treewalkers/genshistream.py
missing     /usr/lib/python2.7/site-packages/pip/_vendor/html5lib/treewalkers/genshistream.pyc
missing     /usr/lib/python2.7/site-packages/pip/_vendor/html5lib/treewalkers/genshistream.pyo
missing     /usr/lib/python2.7/site-packages/pip/_vendor/html5lib/treewalkers/lxmletree.py
missing     /usr/lib/python2.7/site-packages/pip/_vendor/html5lib/treewalkers/lxmletree.pyc
missing     /usr/lib/python2.7/site-packages/pip/_vendor/html5lib/treewalkers/lxmletree.pyo
missing     /usr/lib/python2.7/site-packages/pip/_vendor/html5lib/treewalkers/pulldom.py
missing     /usr/lib/python2.7/site-packages/pip/_vendor/html5lib/treewalkers/pulldom.pyc
missing     /usr/lib/python2.7/site-packages/pip/_vendor/html5lib/treewalkers/pulldom.pyo
missing     /usr/lib/python2.7/site-packages/pip/_vendor/html5lib/trie
missing     /usr/lib/python2.7/site-packages/pip/_vendor/html5lib/trie/__init__.py
missing     /usr/lib/python2.7/site-packages/pip/_vendor/html5lib/trie/__init__.pyc
missing     /usr/lib/python2.7/site-packages/pip/_vendor/html5lib/trie/__init__.pyo
missing     /usr/lib/python2.7/site-packages/pip/_vendor/html5lib/trie/_base.py
missing     /usr/lib/python2.7/site-packages/pip/_vendor/html5lib/trie/_base.pyc
missing     /usr/lib/python2.7/site-packages/pip/_vendor/html5lib/trie/_base.pyo
missing     /usr/lib/python2.7/site-packages/pip/_vendor/html5lib/trie/datrie.py
missing     /usr/lib/python2.7/site-packages/pip/_vendor/html5lib/trie/datrie.pyc
missing     /usr/lib/python2.7/site-packages/pip/_vendor/html5lib/trie/datrie.pyo
missing     /usr/lib/python2.7/site-packages/pip/_vendor/html5lib/trie/py.py
missing     /usr/lib/python2.7/site-packages/pip/_vendor/html5lib/trie/py.pyc
missing     /usr/lib/python2.7/site-packages/pip/_vendor/html5lib/trie/py.pyo
missing     /usr/lib/python2.7/site-packages/pip/_vendor/html5lib/utils.py
missing     /usr/lib/python2.7/site-packages/pip/_vendor/html5lib/utils.pyc
missing     /usr/lib/python2.7/site-packages/pip/_vendor/html5lib/utils.pyo
S.5....T.    /usr/lib/python2.7/site-packages/pip/_vendor/ipaddress.py
S.5....T.    /usr/lib/python2.7/site-packages/pip/_vendor/ipaddress.pyc
missing     /usr/lib/python2.7/site-packages/pip/_vendor/ipaddress.pyo
.......T.    /usr/lib/python2.7/site-packages/pip/_vendor/lockfile/__init__.py
S.5....T.    /usr/lib/python2.7/site-packages/pip/_vendor/lockfile/__init__.pyc
missing     /usr/lib/python2.7/site-packages/pip/_vendor/lockfile/__init__.pyo
.......T.    /usr/lib/python2.7/site-packages/pip/_vendor/lockfile/linklockfile.py
S.5....T.    /usr/lib/python2.7/site-packages/pip/_vendor/lockfile/linklockfile.pyc
missing     /usr/lib/python2.7/site-packages/pip/_vendor/lockfile/linklockfile.pyo
.......T.    /usr/lib/python2.7/site-packages/pip/_vendor/lockfile/mkdirlockfile.py
S.5....T.    /usr/lib/python2.7/site-packages/pip/_vendor/lockfile/mkdirlockfile.pyc
missing     /usr/lib/python2.7/site-packages/pip/_vendor/lockfile/mkdirlockfile.pyo
.......T.    /usr/lib/python2.7/site-packages/pip/_vendor/lockfile/pidlockfile.py
S.5....T.    /usr/lib/python2.7/site-packages/pip/_vendor/lockfile/pidlockfile.pyc
missing     /usr/lib/python2.7/site-packages/pip/_vendor/lockfile/pidlockfile.pyo
.......T.    /usr/lib/python2.7/site-packages/pip/_vendor/lockfile/sqlitelockfile.py
S.5....T.    /usr/lib/python2.7/site-packages/pip/_vendor/lockfile/sqlitelockfile.pyc
missing     /usr/lib/python2.7/site-packages/pip/_vendor/lockfile/sqlitelockfile.pyo
.......T.    /usr/lib/python2.7/site-packages/pip/_vendor/lockfile/symlinklockfile.py
S.5....T.    /usr/lib/python2.7/site-packages/pip/_vendor/lockfile/symlinklockfile.pyc
missing     /usr/lib/python2.7/site-packages/pip/_vendor/lockfile/symlinklockfile.pyo
..5....T.    /usr/lib/python2.7/site-packages/pip/_vendor/packaging/__about__.py
S.5....T.    /usr/lib/python2.7/site-packages/pip/_vendor/packaging/__about__.pyc
missing     /usr/lib/python2.7/site-packages/pip/_vendor/packaging/__about__.pyo
.......T.    /usr/lib/python2.7/site-packages/pip/_vendor/packaging/__init__.py
S.5....T.    /usr/lib/python2.7/site-packages/pip/_vendor/packaging/__init__.pyc
missing     /usr/lib/python2.7/site-packages/pip/_vendor/packaging/__init__.pyo
.......T.    /usr/lib/python2.7/site-packages/pip/_vendor/packaging/_compat.py
S.5....T.    /usr/lib/python2.7/site-packages/pip/_vendor/packaging/_compat.pyc
missing     /usr/lib/python2.7/site-packages/pip/_vendor/packaging/_compat.pyo
.......T.    /usr/lib/python2.7/site-packages/pip/_vendor/packaging/_structures.py
S.5....T.    /usr/lib/python2.7/site-packages/pip/_vendor/packaging/_structures.pyc
missing     /usr/lib/python2.7/site-packages/pip/_vendor/packaging/_structures.pyo
S.5....T.    /usr/lib/python2.7/site-packages/pip/_vendor/packaging/markers.py
S.5....T.    /usr/lib/python2.7/site-packages/pip/_vendor/packaging/markers.pyc
missing     /usr/lib/python2.7/site-packages/pip/_vendor/packaging/markers.pyo
.......T.    /usr/lib/python2.7/site-packages/pip/_vendor/packaging/requirements.py
S.5....T.    /usr/lib/python2.7/site-packages/pip/_vendor/packaging/requirements.pyc
missing     /usr/lib/python2.7/site-packages/pip/_vendor/packaging/requirements.pyo
.......T.    /usr/lib/python2.7/site-packages/pip/_vendor/packaging/specifiers.py
S.5....T.    /usr/lib/python2.7/site-packages/pip/_vendor/packaging/specifiers.pyc
missing     /usr/lib/python2.7/site-packages/pip/_vendor/packaging/specifiers.pyo
.......T.    /usr/lib/python2.7/site-packages/pip/_vendor/packaging/utils.py
S.5....T.    /usr/lib/python2.7/site-packages/pip/_vendor/packaging/utils.pyc
missing     /usr/lib/python2.7/site-packages/pip/_vendor/packaging/utils.pyo
.......T.    /usr/lib/python2.7/site-packages/pip/_vendor/packaging/version.py
S.5....T.    /usr/lib/python2.7/site-packages/pip/_vendor/packaging/version.pyc
missing     /usr/lib/python2.7/site-packages/pip/_vendor/packaging/version.pyo
S.5....T.    /usr/lib/python2.7/site-packages/pip/_vendor/pkg_resources/__init__.py
S.5....T.    /usr/lib/python2.7/site-packages/pip/_vendor/pkg_resources/__init__.pyc
missing     /usr/lib/python2.7/site-packages/pip/_vendor/pkg_resources/__init__.pyo
.......T.    /usr/lib/python2.7/site-packages/pip/_vendor/progress/__init__.py
S.5....T.    /usr/lib/python2.7/site-packages/pip/_vendor/progress/__init__.pyc
missing     /usr/lib/python2.7/site-packages/pip/_vendor/progress/__init__.pyo
.......T.    /usr/lib/python2.7/site-packages/pip/_vendor/progress/bar.py
S.5....T.    /usr/lib/python2.7/site-packages/pip/_vendor/progress/bar.pyc
missing     /usr/lib/python2.7/site-packages/pip/_vendor/progress/bar.pyo
.......T.    /usr/lib/python2.7/site-packages/pip/_vendor/progress/counter.py
S.5....T.    /usr/lib/python2.7/site-packages/pip/_vendor/progress/counter.pyc
missing     /usr/lib/python2.7/site-packages/pip/_vendor/progress/counter.pyo
.......T.    /usr/lib/python2.7/site-packages/pip/_vendor/progress/helpers.py
S.5....T.    /usr/lib/python2.7/site-packages/pip/_vendor/progress/helpers.pyc
missing     /usr/lib/python2.7/site-packages/pip/_vendor/progress/helpers.pyo
.......T.    /usr/lib/python2.7/site-packages/pip/_vendor/progress/spinner.py
S.5....T.    /usr/lib/python2.7/site-packages/pip/_vendor/progress/spinner.pyc
missing     /usr/lib/python2.7/site-packages/pip/_vendor/progress/spinner.pyo
S.5....T.    /usr/lib/python2.7/site-packages/pip/_vendor/pyparsing.py
S.5....T.    /usr/lib/python2.7/site-packages/pip/_vendor/pyparsing.pyc
missing     /usr/lib/python2.7/site-packages/pip/_vendor/pyparsing.pyo
.......T.    /usr/lib/python2.7/site-packages/pip/_vendor/re-vendor.py
S.5....T.    /usr/lib/python2.7/site-packages/pip/_vendor/re-vendor.pyc
missing     /usr/lib/python2.7/site-packages/pip/_vendor/re-vendor.pyo
S.5....T.    /usr/lib/python2.7/site-packages/pip/_vendor/requests/__init__.py
S.5....T.    /usr/lib/python2.7/site-packages/pip/_vendor/requests/__init__.pyc
missing     /usr/lib/python2.7/site-packages/pip/_vendor/requests/__init__.pyo
S.5....T.    /usr/lib/python2.7/site-packages/pip/_vendor/requests/adapters.py
S.5....T.    /usr/lib/python2.7/site-packages/pip/_vendor/requests/adapters.pyc
missing     /usr/lib/python2.7/site-packages/pip/_vendor/requests/adapters.pyo
S.5....T.    /usr/lib/python2.7/site-packages/pip/_vendor/requests/api.py
S.5....T.    /usr/lib/python2.7/site-packages/pip/_vendor/requests/api.pyc
missing     /usr/lib/python2.7/site-packages/pip/_vendor/requests/api.pyo
S.5....T.    /usr/lib/python2.7/site-packages/pip/_vendor/requests/auth.py
S.5....T.    /usr/lib/python2.7/site-packages/pip/_vendor/requests/auth.pyc
missing     /usr/lib/python2.7/site-packages/pip/_vendor/requests/auth.pyo
.......T.    /usr/lib/python2.7/site-packages/pip/_vendor/requests/cacert.pem
S.5....T.    /usr/lib/python2.7/site-packages/pip/_vendor/requests/certs.py
S.5....T.    /usr/lib/python2.7/site-packages/pip/_vendor/requests/certs.pyc
missing     /usr/lib/python2.7/site-packages/pip/_vendor/requests/certs.pyo
S.5....T.    /usr/lib/python2.7/site-packages/pip/_vendor/requests/compat.py
S.5....T.    /usr/lib/python2.7/site-packages/pip/_vendor/requests/compat.pyc
missing     /usr/lib/python2.7/site-packages/pip/_vendor/requests/compat.pyo
S.5....T.    /usr/lib/python2.7/site-packages/pip/_vendor/requests/cookies.py
S.5....T.    /usr/lib/python2.7/site-packages/pip/_vendor/requests/cookies.pyc
missing     /usr/lib/python2.7/site-packages/pip/_vendor/requests/cookies.pyo
S.5....T.    /usr/lib/python2.7/site-packages/pip/_vendor/requests/exceptions.py
S.5....T.    /usr/lib/python2.7/site-packages/pip/_vendor/requests/exceptions.pyc
missing     /usr/lib/python2.7/site-packages/pip/_vendor/requests/exceptions.pyo
..5....T.    /usr/lib/python2.7/site-packages/pip/_vendor/requests/hooks.py
S.5....T.    /usr/lib/python2.7/site-packages/pip/_vendor/requests/hooks.pyc
missing     /usr/lib/python2.7/site-packages/pip/_vendor/requests/hooks.pyo
S.5....T.    /usr/lib/python2.7/site-packages/pip/_vendor/requests/models.py
S.5....T.    /usr/lib/python2.7/site-packages/pip/_vendor/requests/models.pyc
missing     /usr/lib/python2.7/site-packages/pip/_vendor/requests/models.pyo
.......T.    /usr/lib/python2.7/site-packages/pip/_vendor/requests/packages/__init__.py
S.5....T.    /usr/lib/python2.7/site-packages/pip/_vendor/requests/packages/__init__.pyc
missing     /usr/lib/python2.7/site-packages/pip/_vendor/requests/packages/__init__.pyo
.......T.    /usr/lib/python2.7/site-packages/pip/_vendor/requests/packages/chardet/__init__.py
S.5....T.    /usr/lib/python2.7/site-packages/pip/_vendor/requests/packages/chardet/__init__.pyc
missing     /usr/lib/python2.7/site-packages/pip/_vendor/requests/packages/chardet/__init__.pyo
.......T.    /usr/lib/python2.7/site-packages/pip/_vendor/requests/packages/chardet/big5freq.py
S.5....T.    /usr/lib/python2.7/site-packages/pip/_vendor/requests/packages/chardet/big5freq.pyc
missing     /usr/lib/python2.7/site-packages/pip/_vendor/requests/packages/chardet/big5freq.pyo
.......T.    /usr/lib/python2.7/site-packages/pip/_vendor/requests/packages/chardet/big5prober.py
S.5....T.    /usr/lib/python2.7/site-packages/pip/_vendor/requests/packages/chardet/big5prober.pyc
missing     /usr/lib/python2.7/site-packages/pip/_vendor/requests/packages/chardet/big5prober.pyo
.......T.    /usr/lib/python2.7/site-packages/pip/_vendor/requests/packages/chardet/chardetect.py
S.5....T.    /usr/lib/python2.7/site-packages/pip/_vendor/requests/packages/chardet/chardetect.pyc
missing     /usr/lib/python2.7/site-packages/pip/_vendor/requests/packages/chardet/chardetect.pyo
.......T.    /usr/lib/python2.7/site-packages/pip/_vendor/requests/packages/chardet/chardistribution.py
S.5....T.    /usr/lib/python2.7/site-packages/pip/_vendor/requests/packages/chardet/chardistribution.pyc
missing     /usr/lib/python2.7/site-packages/pip/_vendor/requests/packages/chardet/chardistribution.pyo
.......T.    /usr/lib/python2.7/site-packages/pip/_vendor/requests/packages/chardet/charsetgroupprober.py
S.5....T.    /usr/lib/python2.7/site-packages/pip/_vendor/requests/packages/chardet/charsetgroupprober.pyc
missing     /usr/lib/python2.7/site-packages/pip/_vendor/requests/packages/chardet/charsetgroupprober.pyo
.......T.    /usr/lib/python2.7/site-packages/pip/_vendor/requests/packages/chardet/charsetprober.py
S.5....T.    /usr/lib/python2.7/site-packages/pip/_vendor/requests/packages/chardet/charsetprober.pyc
missing     /usr/lib/python2.7/site-packages/pip/_vendor/requests/packages/chardet/charsetprober.pyo
.......T.    /usr/lib/python2.7/site-packages/pip/_vendor/requests/packages/chardet/codingstatemachine.py
S.5....T.    /usr/lib/python2.7/site-packages/pip/_vendor/requests/packages/chardet/codingstatemachine.pyc
missing     /usr/lib/python2.7/site-packages/pip/_vendor/requests/packages/chardet/codingstatemachine.pyo
.......T.    /usr/lib/python2.7/site-packages/pip/_vendor/requests/packages/chardet/compat.py
S.5....T.    /usr/lib/python2.7/site-packages/pip/_vendor/requests/packages/chardet/compat.pyc
missing     /usr/lib/python2.7/site-packages/pip/_vendor/requests/packages/chardet/compat.pyo
.......T.    /usr/lib/python2.7/site-packages/pip/_vendor/requests/packages/chardet/constants.py
S.5....T.    /usr/lib/python2.7/site-packages/pip/_vendor/requests/packages/chardet/constants.pyc
missing     /usr/lib/python2.7/site-packages/pip/_vendor/requests/packages/chardet/constants.pyo
.......T.    /usr/lib/python2.7/site-packages/pip/_vendor/requests/packages/chardet/cp949prober.py
S.5....T.    /usr/lib/python2.7/site-packages/pip/_vendor/requests/packages/chardet/cp949prober.pyc
missing     /usr/lib/python2.7/site-packages/pip/_vendor/requests/packages/chardet/cp949prober.pyo
.......T.    /usr/lib/python2.7/site-packages/pip/_vendor/requests/packages/chardet/escprober.py
S.5....T.    /usr/lib/python2.7/site-packages/pip/_vendor/requests/packages/chardet/escprober.pyc
missing     /usr/lib/python2.7/site-packages/pip/_vendor/requests/packages/chardet/escprober.pyo
.......T.    /usr/lib/python2.7/site-packages/pip/_vendor/requests/packages/chardet/escsm.py
S.5....T.    /usr/lib/python2.7/site-packages/pip/_vendor/requests/packages/chardet/escsm.pyc
missing     /usr/lib/python2.7/site-packages/pip/_vendor/requests/packages/chardet/escsm.pyo
.......T.    /usr/lib/python2.7/site-packages/pip/_vendor/requests/packages/chardet/eucjpprober.py
S.5....T.    /usr/lib/python2.7/site-packages/pip/_vendor/requests/packages/chardet/eucjpprober.pyc
missing     /usr/lib/python2.7/site-packages/pip/_vendor/requests/packages/chardet/eucjpprober.pyo
.......T.    /usr/lib/python2.7/site-packages/pip/_vendor/requests/packages/chardet/euckrfreq.py
S.5....T.    /usr/lib/python2.7/site-packages/pip/_vendor/requests/packages/chardet/euckrfreq.pyc
missing     /usr/lib/python2.7/site-packages/pip/_vendor/requests/packages/chardet/euckrfreq.pyo
.......T.    /usr/lib/python2.7/site-packages/pip/_vendor/requests/packages/chardet/euckrprober.py
S.5....T.    /usr/lib/python2.7/site-packages/pip/_vendor/requests/packages/chardet/euckrprober.pyc
missing     /usr/lib/python2.7/site-packages/pip/_vendor/requests/packages/chardet/euckrprober.pyo
.......T.    /usr/lib/python2.7/site-packages/pip/_vendor/requests/packages/chardet/euctwfreq.py
S.5....T.    /usr/lib/python2.7/site-packages/pip/_vendor/requests/packages/chardet/euctwfreq.pyc
missing     /usr/lib/python2.7/site-packages/pip/_vendor/requests/packages/chardet/euctwfreq.pyo
.......T.    /usr/lib/python2.7/site-packages/pip/_vendor/requests/packages/chardet/euctwprober.py
S.5....T.    /usr/lib/python2.7/site-packages/pip/_vendor/requests/packages/chardet/euctwprober.pyc
missing     /usr/lib/python2.7/site-packages/pip/_vendor/requests/packages/chardet/euctwprober.pyo
.......T.    /usr/lib/python2.7/site-packages/pip/_vendor/requests/packages/chardet/gb2312freq.py
S.5....T.    /usr/lib/python2.7/site-packages/pip/_vendor/requests/packages/chardet/gb2312freq.pyc
missing     /usr/lib/python2.7/site-packages/pip/_vendor/requests/packages/chardet/gb2312freq.pyo
.......T.    /usr/lib/python2.7/site-packages/pip/_vendor/requests/packages/chardet/gb2312prober.py
S.5....T.    /usr/lib/python2.7/site-packages/pip/_vendor/requests/packages/chardet/gb2312prober.pyc
missing     /usr/lib/python2.7/site-packages/pip/_vendor/requests/packages/chardet/gb2312prober.pyo
.......T.    /usr/lib/python2.7/site-packages/pip/_vendor/requests/packages/chardet/hebrewprober.py
S.5....T.    /usr/lib/python2.7/site-packages/pip/_vendor/requests/packages/chardet/hebrewprober.pyc
missing     /usr/lib/python2.7/site-packages/pip/_vendor/requests/packages/chardet/hebrewprober.pyo
.......T.    /usr/lib/python2.7/site-packages/pip/_vendor/requests/packages/chardet/jisfreq.py
S.5....T.    /usr/lib/python2.7/site-packages/pip/_vendor/requests/packages/chardet/jisfreq.pyc
missing     /usr/lib/python2.7/site-packages/pip/_vendor/requests/packages/chardet/jisfreq.pyo
.......T.    /usr/lib/python2.7/site-packages/pip/_vendor/requests/packages/chardet/jpcntx.py
S.5....T.    /usr/lib/python2.7/site-packages/pip/_vendor/requests/packages/chardet/jpcntx.pyc
missing     /usr/lib/python2.7/site-packages/pip/_vendor/requests/packages/chardet/jpcntx.pyo
.......T.    /usr/lib/python2.7/site-packages/pip/_vendor/requests/packages/chardet/langbulgarianmodel.py
S.5....T.    /usr/lib/python2.7/site-packages/pip/_vendor/requests/packages/chardet/langbulgarianmodel.pyc
missing     /usr/lib/python2.7/site-packages/pip/_vendor/requests/packages/chardet/langbulgarianmodel.pyo
.......T.    /usr/lib/python2.7/site-packages/pip/_vendor/requests/packages/chardet/langcyrillicmodel.py
S.5....T.    /usr/lib/python2.7/site-packages/pip/_vendor/requests/packages/chardet/langcyrillicmodel.pyc
missing     /usr/lib/python2.7/site-packages/pip/_vendor/requests/packages/chardet/langcyrillicmodel.pyo
.......T.    /usr/lib/python2.7/site-packages/pip/_vendor/requests/packages/chardet/langgreekmodel.py
S.5....T.    /usr/lib/python2.7/site-packages/pip/_vendor/requests/packages/chardet/langgreekmodel.pyc
missing     /usr/lib/python2.7/site-packages/pip/_vendor/requests/packages/chardet/langgreekmodel.pyo
.......T.    /usr/lib/python2.7/site-packages/pip/_vendor/requests/packages/chardet/langhebrewmodel.py
S.5....T.    /usr/lib/python2.7/site-packages/pip/_vendor/requests/packages/chardet/langhebrewmodel.pyc
missing     /usr/lib/python2.7/site-packages/pip/_vendor/requests/packages/chardet/langhebrewmodel.pyo
.......T.    /usr/lib/python2.7/site-packages/pip/_vendor/requests/packages/chardet/langhungarianmodel.py
S.5....T.    /usr/lib/python2.7/site-packages/pip/_vendor/requests/packages/chardet/langhungarianmodel.pyc
missing     /usr/lib/python2.7/site-packages/pip/_vendor/requests/packages/chardet/langhungarianmodel.pyo
.......T.    /usr/lib/python2.7/site-packages/pip/_vendor/requests/packages/chardet/langthaimodel.py
S.5....T.    /usr/lib/python2.7/site-packages/pip/_vendor/requests/packages/chardet/langthaimodel.pyc
missing     /usr/lib/python2.7/site-packages/pip/_vendor/requests/packages/chardet/langthaimodel.pyo
.......T.    /usr/lib/python2.7/site-packages/pip/_vendor/requests/packages/chardet/latin1prober.py
S.5....T.    /usr/lib/python2.7/site-packages/pip/_vendor/requests/packages/chardet/latin1prober.pyc
missing     /usr/lib/python2.7/site-packages/pip/_vendor/requests/packages/chardet/latin1prober.pyo
.......T.    /usr/lib/python2.7/site-packages/pip/_vendor/requests/packages/chardet/mbcharsetprober.py
S.5....T.    /usr/lib/python2.7/site-packages/pip/_vendor/requests/packages/chardet/mbcharsetprober.pyc
missing     /usr/lib/python2.7/site-packages/pip/_vendor/requests/packages/chardet/mbcharsetprober.pyo
.......T.    /usr/lib/python2.7/site-packages/pip/_vendor/requests/packages/chardet/mbcsgroupprober.py
S.5....T.    /usr/lib/python2.7/site-packages/pip/_vendor/requests/packages/chardet/mbcsgroupprober.pyc
missing     /usr/lib/python2.7/site-packages/pip/_vendor/requests/packages/chardet/mbcsgroupprober.pyo
.......T.    /usr/lib/python2.7/site-packages/pip/_vendor/requests/packages/chardet/mbcssm.py
S.5....T.    /usr/lib/python2.7/site-packages/pip/_vendor/requests/packages/chardet/mbcssm.pyc
missing     /usr/lib/python2.7/site-packages/pip/_vendor/requests/packages/chardet/mbcssm.pyo
.......T.    /usr/lib/python2.7/site-packages/pip/_vendor/requests/packages/chardet/sbcharsetprober.py
S.5....T.    /usr/lib/python2.7/site-packages/pip/_vendor/requests/packages/chardet/sbcharsetprober.pyc
missing     /usr/lib/python2.7/site-packages/pip/_vendor/requests/packages/chardet/sbcharsetprober.pyo
.......T.    /usr/lib/python2.7/site-packages/pip/_vendor/requests/packages/chardet/sbcsgroupprober.py
S.5....T.    /usr/lib/python2.7/site-packages/pip/_vendor/requests/packages/chardet/sbcsgroupprober.pyc
missing     /usr/lib/python2.7/site-packages/pip/_vendor/requests/packages/chardet/sbcsgroupprober.pyo
.......T.    /usr/lib/python2.7/site-packages/pip/_vendor/requests/packages/chardet/sjisprober.py
S.5....T.    /usr/lib/python2.7/site-packages/pip/_vendor/requests/packages/chardet/sjisprober.pyc
missing     /usr/lib/python2.7/site-packages/pip/_vendor/requests/packages/chardet/sjisprober.pyo
.......T.    /usr/lib/python2.7/site-packages/pip/_vendor/requests/packages/chardet/universaldetector.py
S.5....T.    /usr/lib/python2.7/site-packages/pip/_vendor/requests/packages/chardet/universaldetector.pyc
missing     /usr/lib/python2.7/site-packages/pip/_vendor/requests/packages/chardet/universaldetector.pyo
.......T.    /usr/lib/python2.7/site-packages/pip/_vendor/requests/packages/chardet/utf8prober.py
S.5....T.    /usr/lib/python2.7/site-packages/pip/_vendor/requests/packages/chardet/utf8prober.pyc
missing     /usr/lib/python2.7/site-packages/pip/_vendor/requests/packages/chardet/utf8prober.pyo
S.5....T.    /usr/lib/python2.7/site-packages/pip/_vendor/requests/packages/urllib3/__init__.py
S.5....T.    /usr/lib/python2.7/site-packages/pip/_vendor/requests/packages/urllib3/__init__.pyc
missing     /usr/lib/python2.7/site-packages/pip/_vendor/requests/packages/urllib3/__init__.pyo
.......T.    /usr/lib/python2.7/site-packages/pip/_vendor/requests/packages/urllib3/_collections.py
S.5....T.    /usr/lib/python2.7/site-packages/pip/_vendor/requests/packages/urllib3/_collections.pyc
missing     /usr/lib/python2.7/site-packages/pip/_vendor/requests/packages/urllib3/_collections.pyo
.......T.    /usr/lib/python2.7/site-packages/pip/_vendor/requests/packages/urllib3/connection.py
S.5....T.    /usr/lib/python2.7/site-packages/pip/_vendor/requests/packages/urllib3/connection.pyc
missing     /usr/lib/python2.7/site-packages/pip/_vendor/requests/packages/urllib3/connection.pyo
S.5....T.    /usr/lib/python2.7/site-packages/pip/_vendor/requests/packages/urllib3/connectionpool.py
S.5....T.    /usr/lib/python2.7/site-packages/pip/_vendor/requests/packages/urllib3/connectionpool.pyc
missing     /usr/lib/python2.7/site-packages/pip/_vendor/requests/packages/urllib3/connectionpool.pyo
.......T.    /usr/lib/python2.7/site-packages/pip/_vendor/requests/packages/urllib3/contrib/__init__.py
S.5....T.    /usr/lib/python2.7/site-packages/pip/_vendor/requests/packages/urllib3/contrib/__init__.pyc
missing     /usr/lib/python2.7/site-packages/pip/_vendor/requests/packages/urllib3/contrib/__init__.pyo
S.5....T.    /usr/lib/python2.7/site-packages/pip/_vendor/requests/packages/urllib3/contrib/appengine.py
S.5....T.    /usr/lib/python2.7/site-packages/pip/_vendor/requests/packages/urllib3/contrib/appengine.pyc
missing     /usr/lib/python2.7/site-packages/pip/_vendor/requests/packages/urllib3/contrib/appengine.pyo
.......T.    /usr/lib/python2.7/site-packages/pip/_vendor/requests/packages/urllib3/contrib/ntlmpool.py
S.5....T.    /usr/lib/python2.7/site-packages/pip/_vendor/requests/packages/urllib3/contrib/ntlmpool.pyc
missing     /usr/lib/python2.7/site-packages/pip/_vendor/requests/packages/urllib3/contrib/ntlmpool.pyo
.......T.    /usr/lib/python2.7/site-packages/pip/_vendor/requests/packages/urllib3/contrib/pyopenssl.py
S.5....T.    /usr/lib/python2.7/site-packages/pip/_vendor/requests/packages/urllib3/contrib/pyopenssl.pyc
missing     /usr/lib/python2.7/site-packages/pip/_vendor/requests/packages/urllib3/contrib/pyopenssl.pyo
S.5....T.    /usr/lib/python2.7/site-packages/pip/_vendor/requests/packages/urllib3/contrib/socks.py
S.5....T.    /usr/lib/python2.7/site-packages/pip/_vendor/requests/packages/urllib3/contrib/socks.pyc
missing     /usr/lib/python2.7/site-packages/pip/_vendor/requests/packages/urllib3/contrib/socks.pyo
.......T.    /usr/lib/python2.7/site-packages/pip/_vendor/requests/packages/urllib3/exceptions.py
S.5....T.    /usr/lib/python2.7/site-packages/pip/_vendor/requests/packages/urllib3/exceptions.pyc
missing     /usr/lib/python2.7/site-packages/pip/_vendor/requests/packages/urllib3/exceptions.pyo
.......T.    /usr/lib/python2.7/site-packages/pip/_vendor/requests/packages/urllib3/fields.py
S.5....T.    /usr/lib/python2.7/site-packages/pip/_vendor/requests/packages/urllib3/fields.pyc
missing     /usr/lib/python2.7/site-packages/pip/_vendor/requests/packages/urllib3/fields.pyo
.......T.    /usr/lib/python2.7/site-packages/pip/_vendor/requests/packages/urllib3/filepost.py
S.5....T.    /usr/lib/python2.7/site-packages/pip/_vendor/requests/packages/urllib3/filepost.pyc
missing     /usr/lib/python2.7/site-packages/pip/_vendor/requests/packages/urllib3/filepost.pyo
.......T.    /usr/lib/python2.7/site-packages/pip/_vendor/requests/packages/urllib3/packages/__init__.py
S.5....T.    /usr/lib/python2.7/site-packages/pip/_vendor/requests/packages/urllib3/packages/__init__.pyc
missing     /usr/lib/python2.7/site-packages/pip/_vendor/requests/packages/urllib3/packages/__init__.pyo
.......T.    /usr/lib/python2.7/site-packages/pip/_vendor/requests/packages/urllib3/packages/ordered_dict.py
S.5....T.    /usr/lib/python2.7/site-packages/pip/_vendor/requests/packages/urllib3/packages/ordered_dict.pyc
missing     /usr/lib/python2.7/site-packages/pip/_vendor/requests/packages/urllib3/packages/ordered_dict.pyo
S.5....T.    /usr/lib/python2.7/site-packages/pip/_vendor/requests/packages/urllib3/packages/six.py
S.5....T.    /usr/lib/python2.7/site-packages/pip/_vendor/requests/packages/urllib3/packages/six.pyc
missing     /usr/lib/python2.7/site-packages/pip/_vendor/requests/packages/urllib3/packages/six.pyo
.......T.    /usr/lib/python2.7/site-packages/pip/_vendor/requests/packages/urllib3/packages/ssl_match_hostname/__init__.py
S.5....T.    /usr/lib/python2.7/site-packages/pip/_vendor/requests/packages/urllib3/packages/ssl_match_hostname/__init__.pyc
missing     /usr/lib/python2.7/site-packages/pip/_vendor/requests/packages/urllib3/packages/ssl_match_hostname/__init__.pyo
.......T.    /usr/lib/python2.7/site-packages/pip/_vendor/requests/packages/urllib3/packages/ssl_match_hostname/_implementation.py
S.5....T.    /usr/lib/python2.7/site-packages/pip/_vendor/requests/packages/urllib3/packages/ssl_match_hostname/_implementation.pyc
missing     /usr/lib/python2.7/site-packages/pip/_vendor/requests/packages/urllib3/packages/ssl_match_hostname/_implementation.pyo
S.5....T.    /usr/lib/python2.7/site-packages/pip/_vendor/requests/packages/urllib3/poolmanager.py
S.5....T.    /usr/lib/python2.7/site-packages/pip/_vendor/requests/packages/urllib3/poolmanager.pyc
missing     /usr/lib/python2.7/site-packages/pip/_vendor/requests/packages/urllib3/poolmanager.pyo
.......T.    /usr/lib/python2.7/site-packages/pip/_vendor/requests/packages/urllib3/request.py
S.5....T.    /usr/lib/python2.7/site-packages/pip/_vendor/requests/packages/urllib3/request.pyc
missing     /usr/lib/python2.7/site-packages/pip/_vendor/requests/packages/urllib3/request.pyo
S.5....T.    /usr/lib/python2.7/site-packages/pip/_vendor/requests/packages/urllib3/response.py
S.5....T.    /usr/lib/python2.7/site-packages/pip/_vendor/requests/packages/urllib3/response.pyc
missing     /usr/lib/python2.7/site-packages/pip/_vendor/requests/packages/urllib3/response.pyo
.......T.    /usr/lib/python2.7/site-packages/pip/_vendor/requests/packages/urllib3/util/__init__.py
S.5....T.    /usr/lib/python2.7/site-packages/pip/_vendor/requests/packages/urllib3/util/__init__.pyc
missing     /usr/lib/python2.7/site-packages/pip/_vendor/requests/packages/urllib3/util/__init__.pyo
S.5....T.    /usr/lib/python2.7/site-packages/pip/_vendor/requests/packages/urllib3/util/connection.py
S.5....T.    /usr/lib/python2.7/site-packages/pip/_vendor/requests/packages/urllib3/util/connection.pyc
missing     /usr/lib/python2.7/site-packages/pip/_vendor/requests/packages/urllib3/util/connection.pyo
.......T.    /usr/lib/python2.7/site-packages/pip/_vendor/requests/packages/urllib3/util/request.py
S.5....T.    /usr/lib/python2.7/site-packages/pip/_vendor/requests/packages/urllib3/util/request.pyc
missing     /usr/lib/python2.7/site-packages/pip/_vendor/requests/packages/urllib3/util/request.pyo
.......T.    /usr/lib/python2.7/site-packages/pip/_vendor/requests/packages/urllib3/util/response.py
S.5....T.    /usr/lib/python2.7/site-packages/pip/_vendor/requests/packages/urllib3/util/response.pyc
missing     /usr/lib/python2.7/site-packages/pip/_vendor/requests/packages/urllib3/util/response.pyo
S.5....T.    /usr/lib/python2.7/site-packages/pip/_vendor/requests/packages/urllib3/util/retry.py
S.5....T.    /usr/lib/python2.7/site-packages/pip/_vendor/requests/packages/urllib3/util/retry.pyc
missing     /usr/lib/python2.7/site-packages/pip/_vendor/requests/packages/urllib3/util/retry.pyo
S.5....T.    /usr/lib/python2.7/site-packages/pip/_vendor/requests/packages/urllib3/util/ssl_.py
S.5....T.    /usr/lib/python2.7/site-packages/pip/_vendor/requests/packages/urllib3/util/ssl_.pyc
missing     /usr/lib/python2.7/site-packages/pip/_vendor/requests/packages/urllib3/util/ssl_.pyo
.......T.    /usr/lib/python2.7/site-packages/pip/_vendor/requests/packages/urllib3/util/timeout.py
S.5....T.    /usr/lib/python2.7/site-packages/pip/_vendor/requests/packages/urllib3/util/timeout.pyc
missing     /usr/lib/python2.7/site-packages/pip/_vendor/requests/packages/urllib3/util/timeout.pyo
.......T.    /usr/lib/python2.7/site-packages/pip/_vendor/requests/packages/urllib3/util/url.py
S.5....T.    /usr/lib/python2.7/site-packages/pip/_vendor/requests/packages/urllib3/util/url.pyc
missing     /usr/lib/python2.7/site-packages/pip/_vendor/requests/packages/urllib3/util/url.pyo
S.5....T.    /usr/lib/python2.7/site-packages/pip/_vendor/requests/sessions.py
S.5....T.    /usr/lib/python2.7/site-packages/pip/_vendor/requests/sessions.pyc
missing     /usr/lib/python2.7/site-packages/pip/_vendor/requests/sessions.pyo
S.5....T.    /usr/lib/python2.7/site-packages/pip/_vendor/requests/status_codes.py
S.5....T.    /usr/lib/python2.7/site-packages/pip/_vendor/requests/status_codes.pyc
missing     /usr/lib/python2.7/site-packages/pip/_vendor/requests/status_codes.pyo
S.5....T.    /usr/lib/python2.7/site-packages/pip/_vendor/requests/structures.py
S.5....T.    /usr/lib/python2.7/site-packages/pip/_vendor/requests/structures.pyc
missing     /usr/lib/python2.7/site-packages/pip/_vendor/requests/structures.pyo
S.5....T.    /usr/lib/python2.7/site-packages/pip/_vendor/requests/utils.py
S.5....T.    /usr/lib/python2.7/site-packages/pip/_vendor/requests/utils.pyc
missing     /usr/lib/python2.7/site-packages/pip/_vendor/requests/utils.pyo
.......T.    /usr/lib/python2.7/site-packages/pip/_vendor/retrying.py
S.5....T.    /usr/lib/python2.7/site-packages/pip/_vendor/retrying.pyc
missing     /usr/lib/python2.7/site-packages/pip/_vendor/retrying.pyo
.......T.    /usr/lib/python2.7/site-packages/pip/_vendor/six.py
S.5....T.    /usr/lib/python2.7/site-packages/pip/_vendor/six.pyc
missing     /usr/lib/python2.7/site-packages/pip/_vendor/six.pyo
S.5....T.    /usr/lib/python2.7/site-packages/pip/basecommand.py
S.5....T.    /usr/lib/python2.7/site-packages/pip/basecommand.pyc
missing     /usr/lib/python2.7/site-packages/pip/basecommand.pyo
..5....T.    /usr/lib/python2.7/site-packages/pip/baseparser.py
S.5....T.    /usr/lib/python2.7/site-packages/pip/baseparser.pyc
missing     /usr/lib/python2.7/site-packages/pip/baseparser.pyo
S.5....T.    /usr/lib/python2.7/site-packages/pip/cmdoptions.py
S.5....T.    /usr/lib/python2.7/site-packages/pip/cmdoptions.pyc
missing     /usr/lib/python2.7/site-packages/pip/cmdoptions.pyo
S.5....T.    /usr/lib/python2.7/site-packages/pip/commands/__init__.py
S.5....T.    /usr/lib/python2.7/site-packages/pip/commands/__init__.pyc
missing     /usr/lib/python2.7/site-packages/pip/commands/__init__.pyo
S.5....T.    /usr/lib/python2.7/site-packages/pip/commands/completion.py
S.5....T.    /usr/lib/python2.7/site-packages/pip/commands/completion.pyc
missing     /usr/lib/python2.7/site-packages/pip/commands/completion.pyo
S.5....T.    /usr/lib/python2.7/site-packages/pip/commands/download.py
S.5....T.    /usr/lib/python2.7/site-packages/pip/commands/download.pyc
missing     /usr/lib/python2.7/site-packages/pip/commands/download.pyo
S.5....T.    /usr/lib/python2.7/site-packages/pip/commands/freeze.py
S.5....T.    /usr/lib/python2.7/site-packages/pip/commands/freeze.pyc
missing     /usr/lib/python2.7/site-packages/pip/commands/freeze.pyo
.......T.    /usr/lib/python2.7/site-packages/pip/commands/hash.py
S.5....T.    /usr/lib/python2.7/site-packages/pip/commands/hash.pyc
missing     /usr/lib/python2.7/site-packages/pip/commands/hash.pyo
.......T.    /usr/lib/python2.7/site-packages/pip/commands/help.py
S.5....T.    /usr/lib/python2.7/site-packages/pip/commands/help.pyc
missing     /usr/lib/python2.7/site-packages/pip/commands/help.pyo
S.5....T.    /usr/lib/python2.7/site-packages/pip/commands/install.py
S.5....T.    /usr/lib/python2.7/site-packages/pip/commands/install.pyc
missing     /usr/lib/python2.7/site-packages/pip/commands/install.pyo
S.5....T.    /usr/lib/python2.7/site-packages/pip/commands/list.py
S.5....T.    /usr/lib/python2.7/site-packages/pip/commands/list.pyc
missing     /usr/lib/python2.7/site-packages/pip/commands/list.pyo
S.5....T.    /usr/lib/python2.7/site-packages/pip/commands/search.py
S.5....T.    /usr/lib/python2.7/site-packages/pip/commands/search.pyc
missing     /usr/lib/python2.7/site-packages/pip/commands/search.pyo
S.5....T.    /usr/lib/python2.7/site-packages/pip/commands/show.py
S.5....T.    /usr/lib/python2.7/site-packages/pip/commands/show.pyc
missing     /usr/lib/python2.7/site-packages/pip/commands/show.pyo
.......T.    /usr/lib/python2.7/site-packages/pip/commands/uninstall.py
S.5....T.    /usr/lib/python2.7/site-packages/pip/commands/uninstall.pyc
missing     /usr/lib/python2.7/site-packages/pip/commands/uninstall.pyo
S.5....T.    /usr/lib/python2.7/site-packages/pip/commands/wheel.py
S.5....T.    /usr/lib/python2.7/site-packages/pip/commands/wheel.pyc
missing     /usr/lib/python2.7/site-packages/pip/commands/wheel.pyo
S.5....T.    /usr/lib/python2.7/site-packages/pip/compat/__init__.py
S.5....T.    /usr/lib/python2.7/site-packages/pip/compat/__init__.pyc
missing     /usr/lib/python2.7/site-packages/pip/compat/__init__.pyo
.......T.    /usr/lib/python2.7/site-packages/pip/compat/dictconfig.py
S.5....T.    /usr/lib/python2.7/site-packages/pip/compat/dictconfig.pyc
missing     /usr/lib/python2.7/site-packages/pip/compat/dictconfig.pyo
missing     /usr/lib/python2.7/site-packages/pip/compat/ordereddict.py
missing     /usr/lib/python2.7/site-packages/pip/compat/ordereddict.pyc
missing     /usr/lib/python2.7/site-packages/pip/compat/ordereddict.pyo
S.5....T.    /usr/lib/python2.7/site-packages/pip/download.py
S.5....T.    /usr/lib/python2.7/site-packages/pip/download.pyc
missing     /usr/lib/python2.7/site-packages/pip/download.pyo
S.5....T.    /usr/lib/python2.7/site-packages/pip/exceptions.py
S.5....T.    /usr/lib/python2.7/site-packages/pip/exceptions.pyc
missing     /usr/lib/python2.7/site-packages/pip/exceptions.pyo
S.5....T.    /usr/lib/python2.7/site-packages/pip/index.py
S.5....T.    /usr/lib/python2.7/site-packages/pip/index.pyc
missing     /usr/lib/python2.7/site-packages/pip/index.pyo
S.5....T.    /usr/lib/python2.7/site-packages/pip/locations.py
S.5....T.    /usr/lib/python2.7/site-packages/pip/locations.pyc
missing     /usr/lib/python2.7/site-packages/pip/locations.pyo
.......T.    /usr/lib/python2.7/site-packages/pip/models/__init__.py
S.5....T.    /usr/lib/python2.7/site-packages/pip/models/__init__.pyc
missing     /usr/lib/python2.7/site-packages/pip/models/__init__.pyo
.......T.    /usr/lib/python2.7/site-packages/pip/models/index.py
S.5....T.    /usr/lib/python2.7/site-packages/pip/models/index.pyc
missing     /usr/lib/python2.7/site-packages/pip/models/index.pyo
.......T.    /usr/lib/python2.7/site-packages/pip/operations/__init__.py
S.5....T.    /usr/lib/python2.7/site-packages/pip/operations/__init__.pyc
missing     /usr/lib/python2.7/site-packages/pip/operations/__init__.pyo
S.5....T.    /usr/lib/python2.7/site-packages/pip/operations/freeze.py
S.5....T.    /usr/lib/python2.7/site-packages/pip/operations/freeze.pyc
missing     /usr/lib/python2.7/site-packages/pip/operations/freeze.pyo
S.5....T.    /usr/lib/python2.7/site-packages/pip/pep425tags.py
S.5....T.    /usr/lib/python2.7/site-packages/pip/pep425tags.pyc
missing     /usr/lib/python2.7/site-packages/pip/pep425tags.pyo
.......T.    /usr/lib/python2.7/site-packages/pip/req/__init__.py
S.5....T.    /usr/lib/python2.7/site-packages/pip/req/__init__.pyc
missing     /usr/lib/python2.7/site-packages/pip/req/__init__.pyo
S.5....T.    /usr/lib/python2.7/site-packages/pip/req/req_file.py
S.5....T.    /usr/lib/python2.7/site-packages/pip/req/req_file.pyc
missing     /usr/lib/python2.7/site-packages/pip/req/req_file.pyo
S.5....T.    /usr/lib/python2.7/site-packages/pip/req/req_install.py
S.5....T.    /usr/lib/python2.7/site-packages/pip/req/req_install.pyc
missing     /usr/lib/python2.7/site-packages/pip/req/req_install.pyo
S.5....T.    /usr/lib/python2.7/site-packages/pip/req/req_set.py
S.5....T.    /usr/lib/python2.7/site-packages/pip/req/req_set.pyc
missing     /usr/lib/python2.7/site-packages/pip/req/req_set.pyo
.......T.    /usr/lib/python2.7/site-packages/pip/req/req_uninstall.py
S.5....T.    /usr/lib/python2.7/site-packages/pip/req/req_uninstall.pyc
missing     /usr/lib/python2.7/site-packages/pip/req/req_uninstall.pyo
.......T.    /usr/lib/python2.7/site-packages/pip/status_codes.py
S.5....T.    /usr/lib/python2.7/site-packages/pip/status_codes.pyc
missing     /usr/lib/python2.7/site-packages/pip/status_codes.pyo
S.5....T.    /usr/lib/python2.7/site-packages/pip/utils/__init__.py
S.5....T.    /usr/lib/python2.7/site-packages/pip/utils/__init__.pyc
missing     /usr/lib/python2.7/site-packages/pip/utils/__init__.pyo
S.5....T.    /usr/lib/python2.7/site-packages/pip/utils/appdirs.py
S.5....T.    /usr/lib/python2.7/site-packages/pip/utils/appdirs.pyc
missing     /usr/lib/python2.7/site-packages/pip/utils/appdirs.pyo
.......T.    /usr/lib/python2.7/site-packages/pip/utils/build.py
S.5....T.    /usr/lib/python2.7/site-packages/pip/utils/build.pyc
missing     /usr/lib/python2.7/site-packages/pip/utils/build.pyo
S.5....T.    /usr/lib/python2.7/site-packages/pip/utils/deprecation.py
S.5....T.    /usr/lib/python2.7/site-packages/pip/utils/deprecation.pyc
missing     /usr/lib/python2.7/site-packages/pip/utils/deprecation.pyo
.......T.    /usr/lib/python2.7/site-packages/pip/utils/encoding.py
S.5....T.    /usr/lib/python2.7/site-packages/pip/utils/encoding.pyc
missing     /usr/lib/python2.7/site-packages/pip/utils/encoding.pyo
.......T.    /usr/lib/python2.7/site-packages/pip/utils/filesystem.py
S.5....T.    /usr/lib/python2.7/site-packages/pip/utils/filesystem.pyc
missing     /usr/lib/python2.7/site-packages/pip/utils/filesystem.pyo
.......T.    /usr/lib/python2.7/site-packages/pip/utils/hashes.py
S.5....T.    /usr/lib/python2.7/site-packages/pip/utils/hashes.pyc
missing     /usr/lib/python2.7/site-packages/pip/utils/hashes.pyo
.......T.    /usr/lib/python2.7/site-packages/pip/utils/logging.py
S.5....T.    /usr/lib/python2.7/site-packages/pip/utils/logging.pyc
missing     /usr/lib/python2.7/site-packages/pip/utils/logging.pyo
.......T.    /usr/lib/python2.7/site-packages/pip/utils/outdated.py
S.5....T.    /usr/lib/python2.7/site-packages/pip/utils/outdated.pyc
missing     /usr/lib/python2.7/site-packages/pip/utils/outdated.pyo
S.5....T.    /usr/lib/python2.7/site-packages/pip/utils/setuptools_build.py
S.5....T.    /usr/lib/python2.7/site-packages/pip/utils/setuptools_build.pyc
missing     /usr/lib/python2.7/site-packages/pip/utils/setuptools_build.pyo
.......T.    /usr/lib/python2.7/site-packages/pip/utils/ui.py
S.5....T.    /usr/lib/python2.7/site-packages/pip/utils/ui.pyc
missing     /usr/lib/python2.7/site-packages/pip/utils/ui.pyo
S.5....T.    /usr/lib/python2.7/site-packages/pip/vcs/__init__.py
S.5....T.    /usr/lib/python2.7/site-packages/pip/vcs/__init__.pyc
missing     /usr/lib/python2.7/site-packages/pip/vcs/__init__.pyo
.......T.    /usr/lib/python2.7/site-packages/pip/vcs/bazaar.py
S.5....T.    /usr/lib/python2.7/site-packages/pip/vcs/bazaar.pyc
missing     /usr/lib/python2.7/site-packages/pip/vcs/bazaar.pyo
S.5....T.    /usr/lib/python2.7/site-packages/pip/vcs/git.py
S.5....T.    /usr/lib/python2.7/site-packages/pip/vcs/git.pyc
missing     /usr/lib/python2.7/site-packages/pip/vcs/git.pyo
.......T.    /usr/lib/python2.7/site-packages/pip/vcs/mercurial.py
S.5....T.    /usr/lib/python2.7/site-packages/pip/vcs/mercurial.pyc
missing     /usr/lib/python2.7/site-packages/pip/vcs/mercurial.pyo
S.5....T.    /usr/lib/python2.7/site-packages/pip/vcs/subversion.py
S.5....T.    /usr/lib/python2.7/site-packages/pip/vcs/subversion.pyc
missing     /usr/lib/python2.7/site-packages/pip/vcs/subversion.pyo
S.5....T.    /usr/lib/python2.7/site-packages/pip/wheel.py
S.5....T.    /usr/lib/python2.7/site-packages/pip/wheel.pyc
missing     /usr/lib/python2.7/site-packages/pip/wheel.pyo
S.5....T.  c /etc/yum.repos.d/CentOS-Base.repo
missing   c /etc/yum.repos.d/CentOS-CR.repo
missing   c /etc/yum.repos.d/CentOS-Debuginfo.repo
missing   c /etc/yum.repos.d/CentOS-Media.repo
missing   c /etc/yum.repos.d/CentOS-Sources.repo
missing   c /etc/yum.repos.d/CentOS-Vault.repo
missing   c /etc/yum.repos.d/CentOS-fasttrack.repo
S.5....T.  c /etc/sysconfig/authconfig
S.5....T.  c /etc/ssh/sshd_config
S.5....T.    /usr/bin/easy_install
S.5....T.    /usr/bin/easy_install-2.7
missing     /usr/lib/python2.7/site-packages/_markerlib
missing     /usr/lib/python2.7/site-packages/_markerlib/__init__.py
missing     /usr/lib/python2.7/site-packages/_markerlib/__init__.pyc
missing     /usr/lib/python2.7/site-packages/_markerlib/__init__.pyo
missing     /usr/lib/python2.7/site-packages/_markerlib/markers.py
missing     /usr/lib/python2.7/site-packages/_markerlib/markers.pyc
missing     /usr/lib/python2.7/site-packages/_markerlib/markers.pyo
.......T.    /usr/lib/python2.7/site-packages/easy_install.py
..5....T.    /usr/lib/python2.7/site-packages/easy_install.pyc
missing     /usr/lib/python2.7/site-packages/easy_install.pyo
missing     /usr/lib/python2.7/site-packages/pkg_resources.py
missing     /usr/lib/python2.7/site-packages/pkg_resources.pyc
missing     /usr/lib/python2.7/site-packages/pkg_resources.pyo
missing     /usr/lib/python2.7/site-packages/setuptools-0.9.8-py2.7.egg-info
missing     /usr/lib/python2.7/site-packages/setuptools-0.9.8-py2.7.egg-info/PKG-INFO
missing     /usr/lib/python2.7/site-packages/setuptools-0.9.8-py2.7.egg-info/SOURCES.txt
missing     /usr/lib/python2.7/site-packages/setuptools-0.9.8-py2.7.egg-info/dependency_links.txt
missing     /usr/lib/python2.7/site-packages/setuptools-0.9.8-py2.7.egg-info/entry_points.txt
missing     /usr/lib/python2.7/site-packages/setuptools-0.9.8-py2.7.egg-info/entry_points.txt.orig
missing     /usr/lib/python2.7/site-packages/setuptools-0.9.8-py2.7.egg-info/requires.txt
missing     /usr/lib/python2.7/site-packages/setuptools-0.9.8-py2.7.egg-info/top_level.txt
missing     /usr/lib/python2.7/site-packages/setuptools-0.9.8-py2.7.egg-info/zip-safe
S.5....T.    /usr/lib/python2.7/site-packages/setuptools/__init__.py
S.5....T.    /usr/lib/python2.7/site-packages/setuptools/__init__.pyc
missing     /usr/lib/python2.7/site-packages/setuptools/__init__.pyo
missing     /usr/lib/python2.7/site-packages/setuptools/_backport
missing     /usr/lib/python2.7/site-packages/setuptools/_backport/__init__.py
missing     /usr/lib/python2.7/site-packages/setuptools/_backport/__init__.pyc
missing     /usr/lib/python2.7/site-packages/setuptools/_backport/__init__.pyo
missing     /usr/lib/python2.7/site-packages/setuptools/_backport/hashlib
missing     /usr/lib/python2.7/site-packages/setuptools/_backport/hashlib/__init__.py
missing     /usr/lib/python2.7/site-packages/setuptools/_backport/hashlib/__init__.pyc
missing     /usr/lib/python2.7/site-packages/setuptools/_backport/hashlib/__init__.pyo
missing     /usr/lib/python2.7/site-packages/setuptools/_backport/hashlib/_sha.py
missing     /usr/lib/python2.7/site-packages/setuptools/_backport/hashlib/_sha.pyc
missing     /usr/lib/python2.7/site-packages/setuptools/_backport/hashlib/_sha.pyo
missing     /usr/lib/python2.7/site-packages/setuptools/_backport/hashlib/_sha256.py
missing     /usr/lib/python2.7/site-packages/setuptools/_backport/hashlib/_sha256.pyc
missing     /usr/lib/python2.7/site-packages/setuptools/_backport/hashlib/_sha256.pyo
missing     /usr/lib/python2.7/site-packages/setuptools/_backport/hashlib/_sha512.py
missing     /usr/lib/python2.7/site-packages/setuptools/_backport/hashlib/_sha512.pyc
missing     /usr/lib/python2.7/site-packages/setuptools/_backport/hashlib/_sha512.pyo
S.5....T.    /usr/lib/python2.7/site-packages/setuptools/archive_util.py
S.5....T.    /usr/lib/python2.7/site-packages/setuptools/archive_util.pyc
missing     /usr/lib/python2.7/site-packages/setuptools/archive_util.pyo
S.5....T.    /usr/lib/python2.7/site-packages/setuptools/command/__init__.py
S.5....T.    /usr/lib/python2.7/site-packages/setuptools/command/__init__.pyc
missing     /usr/lib/python2.7/site-packages/setuptools/command/__init__.pyo
S.5....T.    /usr/lib/python2.7/site-packages/setuptools/command/alias.py
S.5....T.    /usr/lib/python2.7/site-packages/setuptools/command/alias.pyc
missing     /usr/lib/python2.7/site-packages/setuptools/command/alias.pyo
S.5....T.    /usr/lib/python2.7/site-packages/setuptools/command/bdist_egg.py
S.5....T.    /usr/lib/python2.7/site-packages/setuptools/command/bdist_egg.pyc
missing     /usr/lib/python2.7/site-packages/setuptools/command/bdist_egg.pyo
S.5....T.    /usr/lib/python2.7/site-packages/setuptools/command/bdist_rpm.py
S.5....T.    /usr/lib/python2.7/site-packages/setuptools/command/bdist_rpm.pyc
missing     /usr/lib/python2.7/site-packages/setuptools/command/bdist_rpm.pyo
S.5....T.    /usr/lib/python2.7/site-packages/setuptools/command/bdist_wininst.py
S.5....T.    /usr/lib/python2.7/site-packages/setuptools/command/bdist_wininst.pyc
missing     /usr/lib/python2.7/site-packages/setuptools/command/bdist_wininst.pyo
S.5....T.    /usr/lib/python2.7/site-packages/setuptools/command/build_ext.py
S.5....T.    /usr/lib/python2.7/site-packages/setuptools/command/build_ext.pyc
missing     /usr/lib/python2.7/site-packages/setuptools/command/build_ext.pyo
S.5....T.    /usr/lib/python2.7/site-packages/setuptools/command/build_py.py
S.5....T.    /usr/lib/python2.7/site-packages/setuptools/command/build_py.pyc
missing     /usr/lib/python2.7/site-packages/setuptools/command/build_py.pyo
S.5....T.    /usr/lib/python2.7/site-packages/setuptools/command/develop.py
S.5....T.    /usr/lib/python2.7/site-packages/setuptools/command/develop.pyc
missing     /usr/lib/python2.7/site-packages/setuptools/command/develop.pyo
SM5....T.    /usr/lib/python2.7/site-packages/setuptools/command/easy_install.py
S.5....T.    /usr/lib/python2.7/site-packages/setuptools/command/easy_install.pyc
missing     /usr/lib/python2.7/site-packages/setuptools/command/easy_install.pyo
S.5....T.    /usr/lib/python2.7/site-packages/setuptools/command/egg_info.py
S.5....T.    /usr/lib/python2.7/site-packages/setuptools/command/egg_info.pyc
missing     /usr/lib/python2.7/site-packages/setuptools/command/egg_info.pyo
S.5....T.    /usr/lib/python2.7/site-packages/setuptools/command/install.py
S.5....T.    /usr/lib/python2.7/site-packages/setuptools/command/install.pyc
missing     /usr/lib/python2.7/site-packages/setuptools/command/install.pyo
S.5....T.    /usr/lib/python2.7/site-packages/setuptools/command/install_egg_info.py
S.5....T.    /usr/lib/python2.7/site-packages/setuptools/command/install_egg_info.pyc
missing     /usr/lib/python2.7/site-packages/setuptools/command/install_egg_info.pyo
S.5....T.    /usr/lib/python2.7/site-packages/setuptools/command/install_lib.py
S.5....T.    /usr/lib/python2.7/site-packages/setuptools/command/install_lib.pyc
missing     /usr/lib/python2.7/site-packages/setuptools/command/install_lib.pyo
S.5....T.    /usr/lib/python2.7/site-packages/setuptools/command/install_scripts.py
S.5....T.    /usr/lib/python2.7/site-packages/setuptools/command/install_scripts.pyc
missing     /usr/lib/python2.7/site-packages/setuptools/command/install_scripts.pyo
S.5....T.    /usr/lib/python2.7/site-packages/setuptools/command/register.py
S.5....T.    /usr/lib/python2.7/site-packages/setuptools/command/register.pyc
missing     /usr/lib/python2.7/site-packages/setuptools/command/register.pyo
S.5....T.    /usr/lib/python2.7/site-packages/setuptools/command/rotate.py
S.5....T.    /usr/lib/python2.7/site-packages/setuptools/command/rotate.pyc
missing     /usr/lib/python2.7/site-packages/setuptools/command/rotate.pyo
S.5....T.    /usr/lib/python2.7/site-packages/setuptools/command/saveopts.py
S.5....T.    /usr/lib/python2.7/site-packages/setuptools/command/saveopts.pyc
missing     /usr/lib/python2.7/site-packages/setuptools/command/saveopts.pyo
S.5....T.    /usr/lib/python2.7/site-packages/setuptools/command/sdist.py
S.5....T.    /usr/lib/python2.7/site-packages/setuptools/command/sdist.pyc
missing     /usr/lib/python2.7/site-packages/setuptools/command/sdist.pyo
S.5....T.    /usr/lib/python2.7/site-packages/setuptools/command/setopt.py
S.5....T.    /usr/lib/python2.7/site-packages/setuptools/command/setopt.pyc
missing     /usr/lib/python2.7/site-packages/setuptools/command/setopt.pyo
S.5....T.    /usr/lib/python2.7/site-packages/setuptools/command/test.py
S.5....T.    /usr/lib/python2.7/site-packages/setuptools/command/test.pyc
missing     /usr/lib/python2.7/site-packages/setuptools/command/test.pyo
S.5....T.    /usr/lib/python2.7/site-packages/setuptools/command/upload.py
S.5....T.    /usr/lib/python2.7/site-packages/setuptools/command/upload.pyc
missing     /usr/lib/python2.7/site-packages/setuptools/command/upload.pyo
S.5....T.    /usr/lib/python2.7/site-packages/setuptools/command/upload_docs.py
S.5....T.    /usr/lib/python2.7/site-packages/setuptools/command/upload_docs.pyc
missing     /usr/lib/python2.7/site-packages/setuptools/command/upload_docs.pyo
missing     /usr/lib/python2.7/site-packages/setuptools/compat.py
missing     /usr/lib/python2.7/site-packages/setuptools/compat.pyc
missing     /usr/lib/python2.7/site-packages/setuptools/compat.pyo
S.5....T.    /usr/lib/python2.7/site-packages/setuptools/depends.py
S.5....T.    /usr/lib/python2.7/site-packages/setuptools/depends.pyc
missing     /usr/lib/python2.7/site-packages/setuptools/depends.pyo
S.5....T.    /usr/lib/python2.7/site-packages/setuptools/dist.py
S.5....T.    /usr/lib/python2.7/site-packages/setuptools/dist.pyc
missing     /usr/lib/python2.7/site-packages/setuptools/dist.pyo
S.5....T.    /usr/lib/python2.7/site-packages/setuptools/extension.py
S.5....T.    /usr/lib/python2.7/site-packages/setuptools/extension.pyc
missing     /usr/lib/python2.7/site-packages/setuptools/extension.pyo
S.5....T.    /usr/lib/python2.7/site-packages/setuptools/package_index.py
S.5....T.    /usr/lib/python2.7/site-packages/setuptools/package_index.pyc
missing     /usr/lib/python2.7/site-packages/setuptools/package_index.pyo
missing     /usr/lib/python2.7/site-packages/setuptools/py24compat.py
missing     /usr/lib/python2.7/site-packages/setuptools/py24compat.pyc
missing     /usr/lib/python2.7/site-packages/setuptools/py24compat.pyo
S.5....T.    /usr/lib/python2.7/site-packages/setuptools/py27compat.py
S.5....T.    /usr/lib/python2.7/site-packages/setuptools/py27compat.pyc
missing     /usr/lib/python2.7/site-packages/setuptools/py27compat.pyo
S.5....T.    /usr/lib/python2.7/site-packages/setuptools/sandbox.py
S.5....T.    /usr/lib/python2.7/site-packages/setuptools/sandbox.pyc
missing     /usr/lib/python2.7/site-packages/setuptools/sandbox.pyo
missing     /usr/lib/python2.7/site-packages/setuptools/script template (dev).py
missing     /usr/lib/python2.7/site-packages/setuptools/script template (dev).pyc
missing     /usr/lib/python2.7/site-packages/setuptools/script template (dev).pyo
missing     /usr/lib/python2.7/site-packages/setuptools/script template.py
missing     /usr/lib/python2.7/site-packages/setuptools/script template.pyc
missing     /usr/lib/python2.7/site-packages/setuptools/script template.pyo
S.5....T.    /usr/lib/python2.7/site-packages/setuptools/site-patch.py
S.5....T.    /usr/lib/python2.7/site-packages/setuptools/site-patch.pyc
missing     /usr/lib/python2.7/site-packages/setuptools/site-patch.pyo
S.5....T.    /usr/lib/python2.7/site-packages/setuptools/ssl_support.py
S.5....T.    /usr/lib/python2.7/site-packages/setuptools/ssl_support.pyc
missing     /usr/lib/python2.7/site-packages/setuptools/ssl_support.pyo
S.5....T.  c /etc/sysctl.conf
S.5....T.    /usr/lib/udev/rules.d/60-net.rules
missing     /var/run/wpa_supplicant
