UID        PID  PPID  C STIME TTY          TIME CMD
root         1     0  0 16:51 ?        00:00:00 /usr/lib/systemd/systemd --switched-root --system --deserialize 21
root         2     0  0 16:51 ?        00:00:00 [kthreadd]
root         3     2  0 16:51 ?        00:00:00 [ksoftirqd/0]
root         5     2  0 16:51 ?        00:00:00 [kworker/0:0H]
root         6     2  0 16:51 ?        00:00:00 [kworker/u4:0]
root         7     2  0 16:51 ?        00:00:00 [migration/0]
root         8     2  0 16:51 ?        00:00:00 [rcu_bh]
root         9     2  0 16:51 ?        00:00:00 [rcu_sched]
root        10     2  0 16:51 ?        00:00:00 [watchdog/0]
root        11     2  0 16:51 ?        00:00:00 [watchdog/1]
root        12     2  0 16:51 ?        00:00:00 [migration/1]
root        13     2  0 16:51 ?        00:00:00 [ksoftirqd/1]
root        14     2  0 16:51 ?        00:00:00 [kworker/1:0]
root        15     2  0 16:51 ?        00:00:00 [kworker/1:0H]
root        17     2  0 16:51 ?        00:00:00 [kdevtmpfs]
root        18     2  0 16:51 ?        00:00:00 [netns]
root        19     2  0 16:51 ?        00:00:00 [khungtaskd]
root        20     2  0 16:51 ?        00:00:00 [writeback]
root        21     2  0 16:51 ?        00:00:00 [kintegrityd]
root        22     2  0 16:51 ?        00:00:00 [bioset]
root        23     2  0 16:51 ?        00:00:00 [kblockd]
root        24     2  0 16:51 ?        00:00:00 [md]
root        26     2  0 16:51 ?        00:00:00 [kworker/0:1]
root        31     2  0 16:51 ?        00:00:00 [kswapd0]
root        32     2  0 16:51 ?        00:00:00 [ksmd]
root        33     2  0 16:51 ?        00:00:00 [khugepaged]
root        34     2  0 16:51 ?        00:00:00 [crypto]
root        42     2  0 16:51 ?        00:00:00 [kthrotld]
root        43     2  0 16:51 ?        00:00:00 [kworker/u4:1]
root        44     2  0 16:51 ?        00:00:00 [kmpath_rdacd]
root        45     2  0 16:51 ?        00:00:00 [kpsmoused]
root        46     2  0 16:51 ?        00:00:00 [ipv6_addrconf]
root        65     2  0 16:51 ?        00:00:00 [deferwq]
root        98     2  0 16:51 ?        00:00:00 [kauditd]
root       100     2  0 16:51 ?        00:00:00 [kworker/0:2]
root       225     2  0 16:51 ?        00:00:00 [ata_sff]
root       229     2  0 16:51 ?        00:00:00 [kworker/1:2]
root       238     2  0 16:51 ?        00:00:00 [scsi_eh_0]
root       241     2  0 16:51 ?        00:00:00 [scsi_tmf_0]
root       242     2  0 16:51 ?        00:00:00 [scsi_eh_1]
root       244     2  0 16:51 ?        00:00:00 [scsi_tmf_1]
root       248     2  0 16:51 ?        00:00:00 [ttm_swap]
root       260     2  0 16:51 ?        00:00:00 [kworker/0:1H]
root       265     2  0 16:51 ?        00:00:00 [jbd2/vda2-8]
root       266     2  0 16:51 ?        00:00:00 [ext4-rsv-conver]
root       334     2  0 16:51 ?        00:00:00 [kworker/1:1H]
root       335     1  0 16:51 ?        00:00:00 /usr/lib/systemd/systemd-journald
root       365     1  0 16:51 ?        00:00:00 /usr/lib/systemd/systemd-udevd
root       428     2  0 16:51 ?        00:00:00 [edac-poller]
root       438     2  0 16:51 ?        00:00:00 [jbd2/vda1-8]
root       439     2  0 16:51 ?        00:00:00 [ext4-rsv-conver]
root       465     1  0 16:51 ?        00:00:00 /usr/sbin/irqbalance --foreground
root       466     1  0 16:51 ?        00:00:00 /usr/bin/python2 /usr/bin/denyhosts.py --foreground --unlock --config=/etc/denyhosts.conf
root       467     1  0 16:51 ?        00:00:00 /usr/bin/qemu-ga --method=virtio-serial --path=/dev/virtio-ports/org.qemu.guest_agent.0 --blacklist=guest-file-open,guest-file-close,guest-file-read,guest-file-write,guest-file-seek,guest-file-flush,guest-exec,guest-exec-status -F/etc/qemu-ga/fsfreeze-hook
polkitd    468     1  0 16:51 ?        00:00:00 /usr/lib/polkit-1/polkitd --no-debug
root       469     1  0 16:51 ?        00:00:00 /usr/sbin/rsyslogd -n
root       471     1  0 16:51 ?        00:00:00 /usr/lib/systemd/systemd-logind
dbus       472     1  0 16:51 ?        00:00:00 /bin/dbus-daemon --system --address=systemd: --nofork --nopidfile --systemd-activation
root       667     1  0 16:51 ?        00:00:00 /sbin/dhclient -q -cf /etc/dhcp/dhclient-eth0.conf -lf /var/lib/dhclient/dhclient--eth0.lease -pf /var/run/dhclient-eth0.pid -H centos-test-74-new eth0
root       874     1  0 16:51 ?        00:00:00 /usr/bin/python -Es /usr/sbin/tuned -l -P
root       984     1  0 16:51 ?        00:00:00 /usr/libexec/postfix/master -w
postfix    985   984  0 16:51 ?        00:00:00 pickup -l -t unix -u
postfix    986   984  0 16:51 ?        00:00:00 qmgr -l -t unix -u
root      1055     1  0 16:51 ?        00:00:00 /usr/sbin/crond -n
root      1080     1  0 16:51 ?        00:00:00 login -- root
root      1388     1  0 16:51 ?        00:00:00 /CloudResetPwdUpdateAgent/bin/./wrapper /CloudResetPwdUpdateAgent/bin/../conf/wrapper.conf wrapper.syslog.ident=cloudResetPwdUpdateAgent wrapper.pidfile=/CloudResetPwdUpdateAgent/bin/./cloudResetPwdUpdateAgent.pid wrapper.name=cloudResetPwdUpdateAgent wrapper.displayname=cloudResetPwdUpdateAgent wrapper.daemonize=TRUE wrapper.statusfile=/CloudResetPwdUpdateAgent/bin/./cloudResetPwdUpdateAgent.status wrapper.java.statusfile=/CloudResetPwdUpdateAgent/bin/./cloudResetPwdUpdateAgent.java.status wrapper.lockfile=/var/lock/subsys/cloudResetPwdUpdateAgent wrapper.script.version=3.5.26
root      1493     1  0 16:51 ?        00:00:00 /usr/sbin/sshd -D
root      2103  1388  0 16:51 ?        00:00:01 /CloudResetPwdUpdateAgent/depend/jre1.8.0_131/bin/java -Dorg.tanukisoftware.wrapper.WrapperSimpleApp.maxStartMainWait=40 -Djava.library.path=../lib -classpath ../lib/resetpwdupdateagent.jar:../lib/wrapper.jar:../lib/json-20160810.jar:../lib/log4j-api-2.8.2.jar:../lib/log4j-core-2.8.2.jar -Dwrapper.key=-7uLOOhfFV245_WT -Dwrapper.port=32001 -Dwrapper.disable_console_input=TRUE -Dwrapper.pid=1388 -Dwrapper.version=3.5.26 -Dwrapper.native_library=wrapper -Dwrapper.arch=x86 -Dwrapper.service=TRUE -Dwrapper.cpu.timeout=10 -Dwrapper.jvmid=1 org.tanukisoftware.wrapper.WrapperSimpleApp CloudResetPwdUpdateAgent
root      9264  1080  0 16:51 tty1     00:00:00 -bash
root     10759     2  0 16:57 ?        00:00:00 [kworker/0:0]
root     10760     2  0 16:57 ?        00:00:00 [kworker/0:3]
root     10774  9264  0 16:58 tty1     00:00:00 bash get.sh
root     11469 10774  0 16:58 tty1     00:00:00 ps -ef
