UID        PID  PPID  C STIME TTY          TIME CMD
root         1     0  0 Apr08 ?        00:00:00 /usr/lib/systemd/systemd --switched-root --system --deserialize 21
root         2     0  0 Apr08 ?        00:00:00 [kthreadd]
root         3     2  0 Apr08 ?        00:00:00 [ksoftirqd/0]
root         5     2  0 Apr08 ?        00:00:00 [kworker/0:0H]
root         7     2  0 Apr08 ?        00:00:00 [migration/0]
root         8     2  0 Apr08 ?        00:00:00 [rcu_bh]
root         9     2  0 Apr08 ?        00:00:00 [rcu_sched]
root        10     2  0 Apr08 ?        00:00:00 [watchdog/0]
root        11     2  0 Apr08 ?        00:00:00 [watchdog/1]
root        12     2  0 Apr08 ?        00:00:00 [migration/1]
root        13     2  0 Apr08 ?        00:00:00 [ksoftirqd/1]
root        15     2  0 Apr08 ?        00:00:00 [kworker/1:0H]
root        17     2  0 Apr08 ?        00:00:00 [kdevtmpfs]
root        18     2  0 Apr08 ?        00:00:00 [netns]
root        19     2  0 Apr08 ?        00:00:00 [khungtaskd]
root        20     2  0 Apr08 ?        00:00:00 [writeback]
root        21     2  0 Apr08 ?        00:00:00 [kintegrityd]
root        22     2  0 Apr08 ?        00:00:00 [bioset]
root        23     2  0 Apr08 ?        00:00:00 [kblockd]
root        24     2  0 Apr08 ?        00:00:00 [md]
root        25     2  0 Apr08 ?        00:00:00 [kworker/1:1]
root        26     2  0 Apr08 ?        00:00:01 [kworker/0:1]
root        31     2  0 Apr08 ?        00:00:00 [kswapd0]
root        32     2  0 Apr08 ?        00:00:00 [ksmd]
root        33     2  0 Apr08 ?        00:00:00 [khugepaged]
root        34     2  0 Apr08 ?        00:00:00 [crypto]
root        42     2  0 Apr08 ?        00:00:00 [kthrotld]
root        43     2  0 Apr08 ?        00:00:00 [kworker/u4:1]
root        44     2  0 Apr08 ?        00:00:00 [kmpath_rdacd]
root        45     2  0 Apr08 ?        00:00:00 [kpsmoused]
root        46     2  0 Apr08 ?        00:00:00 [ipv6_addrconf]
root        65     2  0 Apr08 ?        00:00:00 [deferwq]
root        97     2  0 Apr08 ?        00:00:00 [kauditd]
root       226     2  0 Apr08 ?        00:00:00 [kworker/1:2]
root       231     2  0 Apr08 ?        00:00:00 [kworker/u4:2]
root       235     2  0 Apr08 ?        00:00:00 [ata_sff]
root       241     2  0 Apr08 ?        00:00:00 [scsi_eh_0]
root       242     2  0 Apr08 ?        00:00:00 [scsi_tmf_0]
root       243     2  0 Apr08 ?        00:00:00 [scsi_eh_1]
root       244     2  0 Apr08 ?        00:00:00 [scsi_tmf_1]
root       245     2  0 Apr08 ?        00:00:00 [ttm_swap]
root       261     2  0 Apr08 ?        00:00:00 [kworker/0:1H]
root       266     2  0 Apr08 ?        00:00:00 [jbd2/vda2-8]
root       267     2  0 Apr08 ?        00:00:00 [ext4-rsv-conver]
root       323     2  0 Apr08 ?        00:00:00 [kworker/1:1H]
root       336     1  0 Apr08 ?        00:00:00 /usr/lib/systemd/systemd-journald
root       366     1  0 Apr08 ?        00:00:00 /usr/lib/systemd/systemd-udevd
root       399     2  0 Apr08 ?        00:00:00 [jbd2/vda1-8]
root       400     2  0 Apr08 ?        00:00:00 [ext4-rsv-conver]
root       455     2  0 Apr08 ?        00:00:00 [edac-poller]
root       467     1  0 Apr08 ?        00:00:00 /usr/bin/qemu-ga --method=virtio-serial --path=/dev/virtio-ports/org.qemu.guest_agent.0 --blacklist=guest-file-open,guest-file-close,guest-file-read,guest-file-write,guest-file-seek,guest-file-flush,guest-exec,guest-exec-status -F/etc/qemu-ga/fsfreeze-hook
root       469     1  0 Apr08 ?        00:00:00 /usr/bin/python2 /usr/bin/denyhosts.py --foreground --unlock --config=/etc/denyhosts.conf
dbus       470     1  0 Apr08 ?        00:00:00 /bin/dbus-daemon --system --address=systemd: --nofork --nopidfile --systemd-activation
polkitd    473     1  0 Apr08 ?        00:00:00 /usr/lib/polkit-1/polkitd --no-debug
root       474     1  0 Apr08 ?        00:00:00 /usr/lib/systemd/systemd-logind
root       475     1  0 Apr08 ?        00:00:01 /usr/sbin/rsyslogd -n
root       476     1  0 Apr08 ?        00:00:02 /usr/sbin/irqbalance --foreground
root       669     1  0 Apr08 ?        00:00:00 /sbin/dhclient -q -cf /etc/dhcp/dhclient-eth0.conf -lf /var/lib/dhclient/dhclient--eth0.lease -pf /var/run/dhclient-eth0.pid -H centos-test-74-new eth0
root       876     1  0 Apr08 ?        00:00:06 /usr/bin/python -Es /usr/sbin/tuned -l -P
root       984     1  0 Apr08 ?        00:00:00 /usr/libexec/postfix/master -w
postfix    986   984  0 Apr08 ?        00:00:00 qmgr -l -t unix -u
root      1045     1  0 Apr08 ?        00:00:00 /usr/sbin/crond -n
root      1100     1  0 Apr08 ?        00:00:00 login -- root
root      1454     1  0 Apr08 ?        00:00:00 /usr/sbin/sshd -D
root      1488     1  0 Apr08 ?        00:00:17 /CloudResetPwdUpdateAgent/bin/./wrapper /CloudResetPwdUpdateAgent/bin/../conf/wrapper.conf wrapper.syslog.ident=cloudResetPwdUpdateAgent wrapper.pidfile=/CloudResetPwdUpdateAgent/bin/./cloudResetPwdUpdateAgent.pid wrapper.name=cloudResetPwdUpdateAgent wrapper.displayname=cloudResetPwdUpdateAgent wrapper.daemonize=TRUE wrapper.statusfile=/CloudResetPwdUpdateAgent/bin/./cloudResetPwdUpdateAgent.status wrapper.java.statusfile=/CloudResetPwdUpdateAgent/bin/./cloudResetPwdUpdateAgent.java.status wrapper.lockfile=/var/lock/subsys/cloudResetPwdUpdateAgent wrapper.script.version=3.5.26
root      2159  1488  0 Apr08 ?        00:00:29 /CloudResetPwdUpdateAgent/depend/jre1.8.0_131/bin/java -Dorg.tanukisoftware.wrapper.WrapperSimpleApp.maxStartMainWait=40 -Djava.library.path=../lib -classpath ../lib/resetpwdupdateagent.jar:../lib/wrapper.jar:../lib/json-20160810.jar:../lib/log4j-api-2.8.2.jar:../lib/log4j-core-2.8.2.jar -Dwrapper.key=7e9qVFeGRXCgdpqG -Dwrapper.port=32001 -Dwrapper.disable_console_input=TRUE -Dwrapper.pid=1488 -Dwrapper.version=3.5.26 -Dwrapper.native_library=wrapper -Dwrapper.arch=x86 -Dwrapper.service=TRUE -Dwrapper.cpu.timeout=10 -Dwrapper.jvmid=1 org.tanukisoftware.wrapper.WrapperSimpleApp CloudResetPwdUpdateAgent
root     10648  1100  0 Apr08 tty1     00:00:00 -bash
postfix  14345   984  0 10:36 ?        00:00:00 pickup -l -t unix -u
root     14404     2  0 11:23 ?        00:00:00 [kworker/0:2]
root     14405     2  0 11:23 ?        00:00:00 [kworker/0:3]
root     26157 10648  0 11:33 tty1     00:00:00 ps -ef
